C:\YUDULI\BNAPLATFORM-WEIGHTED-NETWORK-WIN64-CUDA-20140905\SRC\PC_CPU\PC_CPU\X64\DEBUG\MAIN.OBJ
C:\YUDULI\BNAPLATFORM-WEIGHTED-NETWORK-WIN64-CUDA-20140905\SRC\PC_CPU\PC_CPU\X64\DEBUG\VC110.PDB
C:\YUDULI\BNAPLATFORM-WEIGHTED-NETWORK-WIN64-CUDA-20140905\SRC\X64\DEBUG\PC_CPU.ILK
C:\YUDULI\BNAPLATFORM-WEIGHTED-NETWORK-WIN64-CUDA-20140905\SRC\X64\DEBUG\PC_CPU.EXE
C:\YUDULI\BNAPLATFORM-WEIGHTED-NETWORK-WIN64-CUDA-20140905\SRC\X64\DEBUG\PC_CPU.PDB
C:\YuduLi\BNAPlatform-weighted-network-win64-cuda7.0-20150413\src\PC_CPU\PC_CPU\x64\Debug\main.obj
C:\YuduLi\BNAPlatform-weighted-network-win64-cuda7.0-20150413\src\PC_CPU\PC_CPU\x64\Debug\cl.command.1.tlog
C:\YuduLi\BNAPlatform-weighted-network-win64-cuda7.0-20150413\src\PC_CPU\PC_CPU\x64\Debug\CL.read.1.tlog
C:\YuduLi\BNAPlatform-weighted-network-win64-cuda7.0-20150413\src\PC_CPU\PC_CPU\x64\Debug\CL.write.1.tlog
C:\YuduLi\BNAPlatform-weighted-network-win64-cuda7.0-20150413\src\PC_CPU\PC_CPU\x64\Debug\link-cvtres.read.1.tlog
C:\YuduLi\BNAPlatform-weighted-network-win64-cuda7.0-20150413\src\PC_CPU\PC_CPU\x64\Debug\link-cvtres.write.1.tlog
C:\YuduLi\BNAPlatform-weighted-network-win64-cuda7.0-20150413\src\PC_CPU\PC_CPU\x64\Debug\link-rc.read.1.tlog
C:\YuduLi\BNAPlatform-weighted-network-win64-cuda7.0-20150413\src\PC_CPU\PC_CPU\x64\Debug\link-rc.write.1.tlog
C:\YuduLi\BNAPlatform-weighted-network-win64-cuda7.0-20150413\src\PC_CPU\PC_CPU\x64\Debug\link.command.1.tlog
C:\YuduLi\BNAPlatform-weighted-network-win64-cuda7.0-20150413\src\PC_CPU\PC_CPU\x64\Debug\link.read.1.tlog
C:\YuduLi\BNAPlatform-weighted-network-win64-cuda7.0-20150413\src\PC_CPU\PC_CPU\x64\Debug\link.write.1.tlog
C:\YuduLi\BNAPlatform-weighted-network-win64-cuda7.0-20150413\src\PC_CPU\PC_CPU\x64\Debug\vc110.idb
C:\YuduLi\BNAPlatform-weighted-network-win64-cuda7.0-20150413\src\PC_CPU\PC_CPU\x64\Debug\vc110.pdb
C:\YuduLi\BNAPlatform-weighted-network-win64-cuda7.0-20150413\src\x64\Debug\PC_CPU.pdb
C:\YuduLi\BNAPlatform-weighted-network-win64-cuda7.0-20150413\src\x64\Debug\PC_CPU.exe
C:\YuduLi\BNAPlatform-weighted-network-win64-cuda7.0-20150413\src\x64\Debug\PC_CPU.ilk
