生成启动时间为 2015/12/30 11:42:45。
     1>项目“E:\cudaintergrated\cuda_test_project\cuda_newest\BNAPlatform-weighted-network-win64-cuda7.0-20151118\src\Cp_GPU\CUCP\CUCP.vcxproj”在节点 8 上(Rebuild 个目标)。
     1>_PrepareForClean:
         正在删除文件“x64\Release\CUCP.lastbuildstate”。
       CudaClean:
         cmd.exe /C "C:\Users\Lerond\AppData\Local\Temp\tmp922b8d6333c045369b2760220b93e9d9.cmd"
         "C:\Program Files\NVIDIA GPU Computing Toolkit\CUDA\v7.0\bin\nvcc.exe" -ccbin "E:\Program Files (x86)\Microsoft Visual Studio 11.0\VC\bin\x86_amd64"  -I..\..\common -I"C:\Program Files\NVIDIA GPU Computing Toolkit\CUDA\v7.0\include" -I"C:\Program Files\NVIDIA GPU Computing Toolkit\CUDA\v7.0\include"     --keep-dir x64\Release -maxrregcount=0  --machine 64 --compile      -DWIN32 -DWIN64 -DNDEBUG -D_CONSOLE -D_MBCS -Xcompiler "/EHsc /W3 /nologo /O2 /Zi  /MD  " -o x64\Release\Cp.cu.obj "E:\cudaintergrated\cuda_test_project\cuda_newest\BNAPlatform-weighted-network-win64-cuda7.0-20151118\src\Cp_GPU\CUCP\Cp.cu" -clean
         
         E:\cudaintergrated\cuda_test_project\cuda_newest\BNAPlatform-weighted-network-win64-cuda7.0-20151118\src\Cp_GPU\CUCP>"C:\Program Files\NVIDIA GPU Computing Toolkit\CUDA\v7.0\bin\nvcc.exe" -ccbin "E:\Program Files (x86)\Microsoft Visual Studio 11.0\VC\bin\x86_amd64"  -I..\..\common -I"C:\Program Files\NVIDIA GPU Computing Toolkit\CUDA\v7.0\include" -I"C:\Program Files\NVIDIA GPU Computing Toolkit\CUDA\v7.0\include"     --keep-dir x64\Release -maxrregcount=0  --machine 64 --compile      -DWIN32 -DWIN64 -DNDEBUG -D_CONSOLE -D_MBCS -Xcompiler "/EHsc /W3 /nologo /O2 /Zi  /MD  " -o x64\Release\Cp.cu.obj "E:\cudaintergrated\cuda_test_project\cuda_newest\BNAPlatform-weighted-network-win64-cuda7.0-20151118\src\Cp_GPU\CUCP\Cp.cu" -clean 
         Cp.cu
         正在删除文件“x64\Release\Cp.cu.deps”。
     1>C:\Program Files (x86)\MSBuild\Microsoft.Cpp\v4.0\V110\Microsoft.CppBuild.targets(346,5): warning MSB8004: Output Directory does not end with a trailing slash.  This build instance will add the slash as it is required to allow proper evaluation of the Output Directory.
       InitializeBuildStatus:
         正在创建“x64\Release\CUCP.unsuccessfulbuild”，因为已指定“AlwaysCreate”。
       AddCudaCompileDeps:
         E:\Program Files (x86)\Microsoft Visual Studio 11.0\VC\bin\x86_amd64\cl.exe /E /nologo /showIncludes /TP /D__CUDACC__ /DWIN32 /DWIN64 /DNDEBUG /D_CONSOLE /D_MBCS /I..\..\common /I"C:\Program Files\NVIDIA GPU Computing Toolkit\CUDA\v7.0\include" /I"C:\Program Files\NVIDIA GPU Computing Toolkit\CUDA\v7.0\bin" /I"C:\Program Files\NVIDIA GPU Computing Toolkit\CUDA\v7.0\include" /I. /FIcuda_runtime.h /c E:\cudaintergrated\cuda_test_project\cuda_newest\BNAPlatform-weighted-network-win64-cuda7.0-20151118\src\Cp_GPU\CUCP\Cp.cu 
       CudaBuild:
         Compiling CUDA source file Cp.cu...
         cmd.exe /C "C:\Users\Lerond\AppData\Local\Temp\tmpf8767a0e42c84e20b0b0e1590280d1e8.cmd"
         "C:\Program Files\NVIDIA GPU Computing Toolkit\CUDA\v7.0\bin\nvcc.exe" -gencode=arch=compute_20,code=\"sm_20,compute_20\" --use-local-env --cl-version 2012 -ccbin "E:\Program Files (x86)\Microsoft Visual Studio 11.0\VC\bin\x86_amd64"  -I..\..\common -I"C:\Program Files\NVIDIA GPU Computing Toolkit\CUDA\v7.0\include" -I"C:\Program Files\NVIDIA GPU Computing Toolkit\CUDA\v7.0\include"     --keep-dir x64\Release -maxrregcount=0  --machine 64 --compile -cudart static     -DWIN32 -DWIN64 -DNDEBUG -D_CONSOLE -D_MBCS -Xcompiler "/EHsc /W3 /nologo /O2 /Zi  /MD  " -o x64\Release\Cp.cu.obj "E:\cudaintergrated\cuda_test_project\cuda_newest\BNAPlatform-weighted-network-win64-cuda7.0-20151118\src\Cp_GPU\CUCP\Cp.cu"
         
         E:\cudaintergrated\cuda_test_project\cuda_newest\BNAPlatform-weighted-network-win64-cuda7.0-20151118\src\Cp_GPU\CUCP>"C:\Program Files\NVIDIA GPU Computing Toolkit\CUDA\v7.0\bin\nvcc.exe" -gencode=arch=compute_20,code=\"sm_20,compute_20\" --use-local-env --cl-version 2012 -ccbin "E:\Program Files (x86)\Microsoft Visual Studio 11.0\VC\bin\x86_amd64"  -I..\..\common -I"C:\Program Files\NVIDIA GPU Computing Toolkit\CUDA\v7.0\include" -I"C:\Program Files\NVIDIA GPU Computing Toolkit\CUDA\v7.0\include"     --keep-dir x64\Release -maxrregcount=0  --machine 64 --compile -cudart static     -DWIN32 -DWIN64 -DNDEBUG -D_CONSOLE -D_MBCS -Xcompiler "/EHsc /W3 /nologo /O2 /Zi  /MD  " -o x64\Release\Cp.cu.obj "E:\cudaintergrated\cuda_test_project\cuda_newest\BNAPlatform-weighted-network-win64-cuda7.0-20151118\src\Cp_GPU\CUCP\Cp.cu" 
     1>c:\program files\nvidia gpu computing toolkit\cuda\v7.0\include\math_functions.h : warning C4819: 该文件包含不能在当前代码页(936)中表示的字符。请将该文件保存为 Unicode 格式以防止数据丢失
     1>c:\program files\nvidia gpu computing toolkit\cuda\v7.0\include\math_functions.h(877): warning C4819: 该文件包含不能在当前代码页(936)中表示的字符。请将该文件保存为 Unicode 格式以防止数据丢失
     1>c:\program files\nvidia gpu computing toolkit\cuda\v7.0\include\math_functions.h(1850): warning C4819: 该文件包含不能在当前代码页(936)中表示的字符。请将该文件保存为 Unicode 格式以防止数据丢失
     1>c:\program files\nvidia gpu computing toolkit\cuda\v7.0\include\math_functions.h(2728): warning C4819: 该文件包含不能在当前代码页(936)中表示的字符。请将该文件保存为 Unicode 格式以防止数据丢失
     1>c:\program files\nvidia gpu computing toolkit\cuda\v7.0\include\math_functions.h(3651): warning C4819: 该文件包含不能在当前代码页(936)中表示的字符。请将该文件保存为 Unicode 格式以防止数据丢失
     1>c:\program files\nvidia gpu computing toolkit\cuda\v7.0\include\math_functions.h(4595): warning C4819: 该文件包含不能在当前代码页(936)中表示的字符。请将该文件保存为 Unicode 格式以防止数据丢失
     1>c:\program files\nvidia gpu computing toolkit\cuda\v7.0\include\math_functions.h(5521): warning C4819: 该文件包含不能在当前代码页(936)中表示的字符。请将该文件保存为 Unicode 格式以防止数据丢失
     1>c:\program files\nvidia gpu computing toolkit\cuda\v7.0\include\math_functions.h(6421): warning C4819: 该文件包含不能在当前代码页(936)中表示的字符。请将该文件保存为 Unicode 格式以防止数据丢失
     1>c:\program files\nvidia gpu computing toolkit\cuda\v7.0\include\math_functions.h(7314): warning C4819: 该文件包含不能在当前代码页(936)中表示的字符。请将该文件保存为 Unicode 格式以防止数据丢失
     1>c:\program files\nvidia gpu computing toolkit\cuda\v7.0\include\math_functions.h(8227): warning C4819: 该文件包含不能在当前代码页(936)中表示的字符。请将该文件保存为 Unicode 格式以防止数据丢失
     1>c:\program files\nvidia gpu computing toolkit\cuda\v7.0\include\device_functions.h : warning C4819: 该文件包含不能在当前代码页(936)中表示的字符。请将该文件保存为 Unicode 格式以防止数据丢失
     1>c:\program files\nvidia gpu computing toolkit\cuda\v7.0\include\device_functions.h(775): warning C4819: 该文件包含不能在当前代码页(936)中表示的字符。请将该文件保存为 Unicode 格式以防止数据丢失
     1>c:\program files\nvidia gpu computing toolkit\cuda\v7.0\include\device_functions.h(1632): warning C4819: 该文件包含不能在当前代码页(936)中表示的字符。请将该文件保存为 Unicode 格式以防止数据丢失
     1>c:\program files\nvidia gpu computing toolkit\cuda\v7.0\include\device_double_functions.h : warning C4819: 该文件包含不能在当前代码页(936)中表示的字符。请将该文件保存为 Unicode 格式以防止数据丢失
     1>E:/cudaintergrated/cuda_test_project/cuda_newest/BNAPlatform-weighted-network-win64-cuda7.0-20151118/src/Cp_GPU/CUCP/Cp.cu(11): warning : variable "n_thread" was declared but never referenced
         
     1>c:\program files\nvidia gpu computing toolkit\cuda\v7.0\include\math_functions.h : warning C4819: 该文件包含不能在当前代码页(936)中表示的字符。请将该文件保存为 Unicode 格式以防止数据丢失
     1>c:\program files\nvidia gpu computing toolkit\cuda\v7.0\include\math_functions.h(877): warning C4819: 该文件包含不能在当前代码页(936)中表示的字符。请将该文件保存为 Unicode 格式以防止数据丢失
     1>c:\program files\nvidia gpu computing toolkit\cuda\v7.0\include\math_functions.h(1850): warning C4819: 该文件包含不能在当前代码页(936)中表示的字符。请将该文件保存为 Unicode 格式以防止数据丢失
     1>c:\program files\nvidia gpu computing toolkit\cuda\v7.0\include\math_functions.h(2728): warning C4819: 该文件包含不能在当前代码页(936)中表示的字符。请将该文件保存为 Unicode 格式以防止数据丢失
     1>c:\program files\nvidia gpu computing toolkit\cuda\v7.0\include\math_functions.h(3651): warning C4819: 该文件包含不能在当前代码页(936)中表示的字符。请将该文件保存为 Unicode 格式以防止数据丢失
     1>c:\program files\nvidia gpu computing toolkit\cuda\v7.0\include\math_functions.h(4595): warning C4819: 该文件包含不能在当前代码页(936)中表示的字符。请将该文件保存为 Unicode 格式以防止数据丢失
     1>c:\program files\nvidia gpu computing toolkit\cuda\v7.0\include\math_functions.h(5521): warning C4819: 该文件包含不能在当前代码页(936)中表示的字符。请将该文件保存为 Unicode 格式以防止数据丢失
     1>c:\program files\nvidia gpu computing toolkit\cuda\v7.0\include\math_functions.h(6421): warning C4819: 该文件包含不能在当前代码页(936)中表示的字符。请将该文件保存为 Unicode 格式以防止数据丢失
     1>c:\program files\nvidia gpu computing toolkit\cuda\v7.0\include\math_functions.h(7314): warning C4819: 该文件包含不能在当前代码页(936)中表示的字符。请将该文件保存为 Unicode 格式以防止数据丢失
     1>c:\program files\nvidia gpu computing toolkit\cuda\v7.0\include\math_functions.h(8227): warning C4819: 该文件包含不能在当前代码页(936)中表示的字符。请将该文件保存为 Unicode 格式以防止数据丢失
     1>c:\program files\nvidia gpu computing toolkit\cuda\v7.0\include\math_functions.h : warning C4819: 该文件包含不能在当前代码页(936)中表示的字符。请将该文件保存为 Unicode 格式以防止数据丢失
     1>c:\program files\nvidia gpu computing toolkit\cuda\v7.0\include\math_functions.h(877): warning C4819: 该文件包含不能在当前代码页(936)中表示的字符。请将该文件保存为 Unicode 格式以防止数据丢失
     1>c:\program files\nvidia gpu computing toolkit\cuda\v7.0\include\math_functions.h(1850): warning C4819: 该文件包含不能在当前代码页(936)中表示的字符。请将该文件保存为 Unicode 格式以防止数据丢失
     1>c:\program files\nvidia gpu computing toolkit\cuda\v7.0\include\math_functions.h(2728): warning C4819: 该文件包含不能在当前代码页(936)中表示的字符。请将该文件保存为 Unicode 格式以防止数据丢失
     1>c:\program files\nvidia gpu computing toolkit\cuda\v7.0\include\math_functions.h(3651): warning C4819: 该文件包含不能在当前代码页(936)中表示的字符。请将该文件保存为 Unicode 格式以防止数据丢失
     1>c:\program files\nvidia gpu computing toolkit\cuda\v7.0\include\math_functions.h(4595): warning C4819: 该文件包含不能在当前代码页(936)中表示的字符。请将该文件保存为 Unicode 格式以防止数据丢失
     1>c:\program files\nvidia gpu computing toolkit\cuda\v7.0\include\math_functions.h(5521): warning C4819: 该文件包含不能在当前代码页(936)中表示的字符。请将该文件保存为 Unicode 格式以防止数据丢失
     1>c:\program files\nvidia gpu computing toolkit\cuda\v7.0\include\math_functions.h(6421): warning C4819: 该文件包含不能在当前代码页(936)中表示的字符。请将该文件保存为 Unicode 格式以防止数据丢失
     1>c:\program files\nvidia gpu computing toolkit\cuda\v7.0\include\math_functions.h(7314): warning C4819: 该文件包含不能在当前代码页(936)中表示的字符。请将该文件保存为 Unicode 格式以防止数据丢失
     1>c:\program files\nvidia gpu computing toolkit\cuda\v7.0\include\math_functions.h(8227): warning C4819: 该文件包含不能在当前代码页(936)中表示的字符。请将该文件保存为 Unicode 格式以防止数据丢失
     1>c:\program files\nvidia gpu computing toolkit\cuda\v7.0\include\device_functions_decls.h : warning C4819: 该文件包含不能在当前代码页(936)中表示的字符。请将该文件保存为 Unicode 格式以防止数据丢失
     1>c:\program files\nvidia gpu computing toolkit\cuda\v7.0\include\device_functions_decls.h(917): warning C4819: 该文件包含不能在当前代码页(936)中表示的字符。请将该文件保存为 Unicode 格式以防止数据丢失
     1>c:\program files\nvidia gpu computing toolkit\cuda\v7.0\include\device_functions_decls.h(1921): warning C4819: 该文件包含不能在当前代码页(936)中表示的字符。请将该文件保存为 Unicode 格式以防止数据丢失
     1>c:\program files\nvidia gpu computing toolkit\cuda\v7.0\include\device_functions_decls.h(2857): warning C4819: 该文件包含不能在当前代码页(936)中表示的字符。请将该文件保存为 Unicode 格式以防止数据丢失
     1>c:\program files\nvidia gpu computing toolkit\cuda\v7.0\include\device_functions_decls.h(3802): warning C4819: 该文件包含不能在当前代码页(936)中表示的字符。请将该文件保存为 Unicode 格式以防止数据丢失
     1>c:\program files\nvidia gpu computing toolkit\cuda\v7.0\include\device_functions_decls.h(4747): warning C4819: 该文件包含不能在当前代码页(936)中表示的字符。请将该文件保存为 Unicode 格式以防止数据丢失
     1>c:\program files\nvidia gpu computing toolkit\cuda\v7.0\include\device_functions_decls.h(5772): warning C4819: 该文件包含不能在当前代码页(936)中表示的字符。请将该文件保存为 Unicode 格式以防止数据丢失
     1>c:\program files\nvidia gpu computing toolkit\cuda\v7.0\include\device_functions_decls.h(6719): warning C4819: 该文件包含不能在当前代码页(936)中表示的字符。请将该文件保存为 Unicode 格式以防止数据丢失
     1>c:\program files\nvidia gpu computing toolkit\cuda\v7.0\include\device_functions_decls.h(7652): warning C4819: 该文件包含不能在当前代码页(936)中表示的字符。请将该文件保存为 Unicode 格式以防止数据丢失
     1>c:\program files\nvidia gpu computing toolkit\cuda\v7.0\include\device_functions_decls.h(8526): warning C4819: 该文件包含不能在当前代码页(936)中表示的字符。请将该文件保存为 Unicode 格式以防止数据丢失
     1>c:\program files\nvidia gpu computing toolkit\cuda\v7.0\include\device_functions_decls.h(9492): warning C4819: 该文件包含不能在当前代码页(936)中表示的字符。请将该文件保存为 Unicode 格式以防止数据丢失
     1>c:\program files\nvidia gpu computing toolkit\cuda\v7.0\include\device_functions_decls.h(10478): warning C4819: 该文件包含不能在当前代码页(936)中表示的字符。请将该文件保存为 Unicode 格式以防止数据丢失
     1>c:\program files\nvidia gpu computing toolkit\cuda\v7.0\include\device_functions.h : warning C4819: 该文件包含不能在当前代码页(936)中表示的字符。请将该文件保存为 Unicode 格式以防止数据丢失
     1>c:\program files\nvidia gpu computing toolkit\cuda\v7.0\include\device_functions.h(775): warning C4819: 该文件包含不能在当前代码页(936)中表示的字符。请将该文件保存为 Unicode 格式以防止数据丢失
     1>c:\program files\nvidia gpu computing toolkit\cuda\v7.0\include\device_functions.h(1632): warning C4819: 该文件包含不能在当前代码页(936)中表示的字符。请将该文件保存为 Unicode 格式以防止数据丢失
     1>c:\program files\nvidia gpu computing toolkit\cuda\v7.0\include\device_double_functions.h : warning C4819: 该文件包含不能在当前代码页(936)中表示的字符。请将该文件保存为 Unicode 格式以防止数据丢失
     1>c:\program files\nvidia gpu computing toolkit\cuda\v7.0\include\math_functions.h : warning C4819: 该文件包含不能在当前代码页(936)中表示的字符。请将该文件保存为 Unicode 格式以防止数据丢失
     1>c:\program files\nvidia gpu computing toolkit\cuda\v7.0\include\math_functions.h(877): warning C4819: 该文件包含不能在当前代码页(936)中表示的字符。请将该文件保存为 Unicode 格式以防止数据丢失
     1>c:\program files\nvidia gpu computing toolkit\cuda\v7.0\include\math_functions.h(1850): warning C4819: 该文件包含不能在当前代码页(936)中表示的字符。请将该文件保存为 Unicode 格式以防止数据丢失
     1>c:\program files\nvidia gpu computing toolkit\cuda\v7.0\include\math_functions.h(2728): warning C4819: 该文件包含不能在当前代码页(936)中表示的字符。请将该文件保存为 Unicode 格式以防止数据丢失
     1>c:\program files\nvidia gpu computing toolkit\cuda\v7.0\include\math_functions.h(3651): warning C4819: 该文件包含不能在当前代码页(936)中表示的字符。请将该文件保存为 Unicode 格式以防止数据丢失
     1>c:\program files\nvidia gpu computing toolkit\cuda\v7.0\include\math_functions.h(4595): warning C4819: 该文件包含不能在当前代码页(936)中表示的字符。请将该文件保存为 Unicode 格式以防止数据丢失
     1>c:\program files\nvidia gpu computing toolkit\cuda\v7.0\include\math_functions.h(5521): warning C4819: 该文件包含不能在当前代码页(936)中表示的字符。请将该文件保存为 Unicode 格式以防止数据丢失
     1>c:\program files\nvidia gpu computing toolkit\cuda\v7.0\include\math_functions.h(6421): warning C4819: 该文件包含不能在当前代码页(936)中表示的字符。请将该文件保存为 Unicode 格式以防止数据丢失
     1>c:\program files\nvidia gpu computing toolkit\cuda\v7.0\include\math_functions.h(7314): warning C4819: 该文件包含不能在当前代码页(936)中表示的字符。请将该文件保存为 Unicode 格式以防止数据丢失
     1>c:\program files\nvidia gpu computing toolkit\cuda\v7.0\include\math_functions.h(8227): warning C4819: 该文件包含不能在当前代码页(936)中表示的字符。请将该文件保存为 Unicode 格式以防止数据丢失
     1>c:\program files\nvidia gpu computing toolkit\cuda\v7.0\include\device_functions.h : warning C4819: 该文件包含不能在当前代码页(936)中表示的字符。请将该文件保存为 Unicode 格式以防止数据丢失
     1>c:\program files\nvidia gpu computing toolkit\cuda\v7.0\include\device_functions.h(775): warning C4819: 该文件包含不能在当前代码页(936)中表示的字符。请将该文件保存为 Unicode 格式以防止数据丢失
     1>c:\program files\nvidia gpu computing toolkit\cuda\v7.0\include\device_functions.h(1632): warning C4819: 该文件包含不能在当前代码页(936)中表示的字符。请将该文件保存为 Unicode 格式以防止数据丢失
     1>c:\program files\nvidia gpu computing toolkit\cuda\v7.0\include\device_double_functions.h : warning C4819: 该文件包含不能在当前代码页(936)中表示的字符。请将该文件保存为 Unicode 格式以防止数据丢失
     1>E:/cudaintergrated/cuda_test_project/cuda_newest/BNAPlatform-weighted-network-win64-cuda7.0-20151118/src/Cp_GPU/CUCP/Cp.cu(11): warning : variable "n_thread" was declared but never referenced
         
     1>c:\program files\nvidia gpu computing toolkit\cuda\v7.0\include\math_functions.h : warning C4819: 该文件包含不能在当前代码页(936)中表示的字符。请将该文件保存为 Unicode 格式以防止数据丢失
     1>c:\program files\nvidia gpu computing toolkit\cuda\v7.0\include\math_functions.h(877): warning C4819: 该文件包含不能在当前代码页(936)中表示的字符。请将该文件保存为 Unicode 格式以防止数据丢失
     1>c:\program files\nvidia gpu computing toolkit\cuda\v7.0\include\math_functions.h(1850): warning C4819: 该文件包含不能在当前代码页(936)中表示的字符。请将该文件保存为 Unicode 格式以防止数据丢失
     1>c:\program files\nvidia gpu computing toolkit\cuda\v7.0\include\math_functions.h(2728): warning C4819: 该文件包含不能在当前代码页(936)中表示的字符。请将该文件保存为 Unicode 格式以防止数据丢失
     1>c:\program files\nvidia gpu computing toolkit\cuda\v7.0\include\math_functions.h(3651): warning C4819: 该文件包含不能在当前代码页(936)中表示的字符。请将该文件保存为 Unicode 格式以防止数据丢失
     1>c:\program files\nvidia gpu computing toolkit\cuda\v7.0\include\math_functions.h(4595): warning C4819: 该文件包含不能在当前代码页(936)中表示的字符。请将该文件保存为 Unicode 格式以防止数据丢失
     1>c:\program files\nvidia gpu computing toolkit\cuda\v7.0\include\math_functions.h(5521): warning C4819: 该文件包含不能在当前代码页(936)中表示的字符。请将该文件保存为 Unicode 格式以防止数据丢失
     1>c:\program files\nvidia gpu computing toolkit\cuda\v7.0\include\math_functions.h(6421): warning C4819: 该文件包含不能在当前代码页(936)中表示的字符。请将该文件保存为 Unicode 格式以防止数据丢失
     1>c:\program files\nvidia gpu computing toolkit\cuda\v7.0\include\math_functions.h(7314): warning C4819: 该文件包含不能在当前代码页(936)中表示的字符。请将该文件保存为 Unicode 格式以防止数据丢失
     1>c:\program files\nvidia gpu computing toolkit\cuda\v7.0\include\math_functions.h(8227): warning C4819: 该文件包含不能在当前代码页(936)中表示的字符。请将该文件保存为 Unicode 格式以防止数据丢失
         Cp.cu
     1>E:/cudaintergrated/cuda_test_project/cuda_newest/BNAPlatform-weighted-network-win64-cuda7.0-20151118/src/Cp_GPU/CUCP/Cp.cu(238): warning C4244: “=”: 从“double”转换到“float”，可能丢失数据
     1>E:/cudaintergrated/cuda_test_project/cuda_newest/BNAPlatform-weighted-network-win64-cuda7.0-20151118/src/Cp_GPU/CUCP/Cp.cu(265): warning C4267: “=”: 从“size_t”转换到“int”，可能丢失数据
       ClCompile:
         E:\Program Files (x86)\Microsoft Visual Studio 11.0\VC\bin\x86_amd64\CL.exe /c /I..\..\common /I"C:\Program Files\NVIDIA GPU Computing Toolkit\CUDA\v7.0\include" /Zi /nologo /W3 /WX- /O2 /Oi /GL /D WIN32 /D WIN64 /D NDEBUG /D _CONSOLE /D _MBCS /Gm- /EHsc /MD /GS /Gy /fp:precise /Zc:wchar_t /Zc:forScope /Fo"x64\Release\\" /Fd"x64\Release\vc110.pdb" /Gd /TP /errorReport:prompt Cp.cpp Cp_main.cpp Maslov.cpp Timer.cpp
         Cp.cpp
     1>Cp.cpp(124): warning C4244: “+=”: 从“double”转换到“float”，可能丢失数据
         Cp_main.cpp
         Maslov.cpp
     1>Maslov.cpp(18): warning C4244: “参数”: 从“time_t”转换到“unsigned int”，可能丢失数据
     1>Maslov.cpp(62): warning C4244: “参数”: 从“time_t”转换到“unsigned int”，可能丢失数据
         Timer.cpp
       Link:
         E:\Program Files (x86)\Microsoft Visual Studio 11.0\VC\bin\x86_amd64\link.exe /ERRORREPORT:PROMPT /OUT:"..\,,\,,\bin\CUCP.exe" /NOLOGO /LIBPATH:"C:\Program Files\NVIDIA GPU Computing Toolkit\CUDA\v7.0\lib\x64" cublas.lib cusparse.lib cudart.lib kernel32.lib user32.lib gdi32.lib winspool.lib comdlg32.lib advapi32.lib shell32.lib ole32.lib oleaut32.lib uuid.lib odbc32.lib odbccp32.lib kernel32.lib user32.lib gdi32.lib winspool.lib comdlg32.lib advapi32.lib shell32.lib ole32.lib oleaut32.lib uuid.lib odbc32.lib odbccp32.lib /MANIFEST /MANIFESTUAC:"level='asInvoker' uiAccess='false'" /manifest:embed /DEBUG /PDB:"..\,,\,,\bin\CUCP.pdb" /SUBSYSTEM:CONSOLE /OPT:REF /OPT:ICF /LTCG /TLBID:1 /DYNAMICBASE /NXCOMPAT /IMPLIB:"..\,,\,,\bin\CUCP.lib" /MACHINE:X64 x64\Release\Cp.cu.obj
         x64\Release\Cp.obj
         x64\Release\Cp_main.obj
         x64\Release\Maslov.obj
         x64\Release\Timer.obj
         正在生成代码
         已完成代码的生成
         CUCP.vcxproj -> E:\cudaintergrated\cuda_test_project\cuda_newest\BNAPlatform-weighted-network-win64-cuda7.0-20151118\src\Cp_GPU\CUCP\..\,,\,,\bin\CUCP.exe
       PostBuildEvent:
         echo copy "C:\Program Files\NVIDIA GPU Computing Toolkit\CUDA\v7.0\bin\cudart*.dll" "..\,,\,,\bin\"
         copy "C:\Program Files\NVIDIA GPU Computing Toolkit\CUDA\v7.0\bin\cudart*.dll" "..\,,\,,\bin\"
         :VCEnd
         copy "C:\Program Files\NVIDIA GPU Computing Toolkit\CUDA\v7.0\bin\cudart*.dll" "..\,,\,,\bin\"
         C:\Program Files\NVIDIA GPU Computing Toolkit\CUDA\v7.0\bin\cudart32_70.dll
         C:\Program Files\NVIDIA GPU Computing Toolkit\CUDA\v7.0\bin\cudart64_70.dll
         已复制         2 个文件。
       FinalizeBuildStatus:
         正在删除文件“x64\Release\CUCP.unsuccessfulbuild”。
         正在对“x64\Release\CUCP.lastbuildstate”执行 Touch 任务。
     1>已完成生成项目“E:\cudaintergrated\cuda_test_project\cuda_newest\BNAPlatform-weighted-network-win64-cuda7.0-20151118\src\Cp_GPU\CUCP\CUCP.vcxproj”(Rebuild 个目标)的操作。

生成成功。

已用时间 00:00:19.03
