生成启动时间为 2015/12/22 20:21:54。
     1>项目“E:\cudaintergrated\cuda_test_project\cuda_newest\BNAPlatform-win64-cuda7.0-20151118\src\BC\BC_CPU\BC_CPU\BC_CPU.vcxproj”在节点 2 上(Rebuild 个目标)。
     1>InitializeBuildStatus:
         正在创建“x64\Release\BC_CPU.unsuccessfulbuild”，因为已指定“AlwaysCreate”。
       ClCompile:
         E:\Program Files (x86)\Microsoft Visual Studio 11.0\VC\bin\x86_amd64\CL.exe /c /Zi /nologo /W3 /WX- /O2 /Oi /GL /D WIN32 /D NDEBUG /D _CONSOLE /D _UNICODE /D UNICODE /Gm- /EHsc /MD /GS /Gy /fp:precise /Zc:wchar_t /Zc:forScope /Fo"x64\Release\\" /Fd"x64\Release\vc110.pdb" /Gd /TP /errorReport:prompt BC_CPU.cpp BC_CPU_main.cpp
         BC_CPU.cpp
     1>BC_CPU.cpp(67): warning C4244: “=”: 从“double”转换到“float”，可能丢失数据
     1>BC_CPU.cpp(64): warning C4101: “k”: 未引用的局部变量
         BC_CPU_main.cpp
       Link:
         E:\Program Files (x86)\Microsoft Visual Studio 11.0\VC\bin\x86_amd64\link.exe /ERRORREPORT:PROMPT /OUT:"..\..\..\..\bin\BC_CPU.exe" /INCREMENTAL:NO /NOLOGO kernel32.lib user32.lib gdi32.lib winspool.lib comdlg32.lib advapi32.lib shell32.lib ole32.lib oleaut32.lib uuid.lib odbc32.lib odbccp32.lib /MANIFEST /MANIFESTUAC:"level='asInvoker' uiAccess='false'" /manifest:embed /DEBUG /PDB:"..\..\..\..\bin\BC_CPU.pdb" /SUBSYSTEM:CONSOLE /OPT:REF /OPT:ICF /LTCG /TLBID:1 /DYNAMICBASE /NXCOMPAT /IMPLIB:"..\..\..\..\bin\BC_CPU.lib" /MACHINE:X64 x64\Release\BC_CPU.obj
         x64\Release\BC_CPU_main.obj
         正在生成代码
         已完成代码的生成
         BC_CPU.vcxproj -> E:\cudaintergrated\cuda_test_project\cuda_newest\BNAPlatform-win64-cuda7.0-20151118\src\BC\BC_CPU\BC_CPU\..\..\..\..\bin\BC_CPU.exe
       FinalizeBuildStatus:
         正在删除文件“x64\Release\BC_CPU.unsuccessfulbuild”。
         正在对“x64\Release\BC_CPU.lastbuildstate”执行 Touch 任务。
     1>已完成生成项目“E:\cudaintergrated\cuda_test_project\cuda_newest\BNAPlatform-win64-cuda7.0-20151118\src\BC\BC_CPU\BC_CPU\BC_CPU.vcxproj”(Rebuild 个目标)的操作。

生成成功。

已用时间 00:00:02.38
