E:\Program Files\VisualStudio\Common7\IDE\VC\VCTargets\Microsoft.CppBuild.targets(373,5): warning MSB8004: Output 目录未以斜杠结尾。  此生成实例将添加斜杠，因为必须有这个斜杠才能正确计算 Output 目录。
  Timer.cpp
  Cp_1_NoG.cpp
Cp_1_NoG.cpp(31): warning C4018: “<”: 有符号/无符号不匹配
Cp_1_NoG.cpp(126): warning C4244: “=”: 从“double”转换到“float”，可能丢失数据
  Cp_2_NoG.cpp
Cp_2_NoG.cpp(39): warning C4018: “<”: 有符号/无符号不匹配
Cp_2_NoG.cpp(159): warning C4244: “+=”: 从“double”转换到“float”，可能丢失数据
  Cp_main.cpp
  Maslov.cpp
C:\Users\xzzz\Documents\GitHub\PAGANI-toolkit\src\BNAPlatform-weighted-network-win64-cuda7.0-20151118\src\common\hybridmap.h(24): warning C4267: “参数”: 从“size_t”转换到“const u_int”，可能丢失数据
C:\Users\xzzz\Documents\GitHub\PAGANI-toolkit\src\BNAPlatform-weighted-network-win64-cuda7.0-20151118\src\common\hybridmap.h(25): warning C4267: “初始化”: 从“size_t”转换到“u_int”，可能丢失数据
Maslov.cpp(49): warning C4244: “参数”: 从“time_t”转换到“unsigned int”，可能丢失数据
Maslov.cpp(148): warning C4244: “参数”: 从“time_t”转换到“unsigned int”，可能丢失数据
Maslov.cpp(167): warning C4267: “参数”: 从“size_t”转换到“u_int”，可能丢失数据
Maslov.cpp(169): warning C4267: “参数”: 从“size_t”转换到“u_int”，可能丢失数据
Maslov.cpp(171): warning C4267: “参数”: 从“size_t”转换到“u_int”，可能丢失数据
Maslov.cpp(174): warning C4267: “参数”: 从“size_t”转换到“u_int”，可能丢失数据
Maslov.cpp(176): warning C4267: “参数”: 从“size_t”转换到“u_int”，可能丢失数据
Maslov.cpp(184): warning C4267: “=”: 从“size_t”转换到“u_int”，可能丢失数据
Maslov.cpp(185): warning C4267: “=”: 从“size_t”转换到“u_int”，可能丢失数据
Maslov.cpp(191): warning C4267: “参数”: 从“size_t”转换到“u_int”，可能丢失数据
Maslov.cpp(193): warning C4267: “参数”: 从“size_t”转换到“u_int”，可能丢失数据
Maslov.cpp(195): warning C4267: “参数”: 从“size_t”转换到“u_int”，可能丢失数据
Maslov.cpp(198): warning C4267: “参数”: 从“size_t”转换到“u_int”，可能丢失数据
Maslov.cpp(200): warning C4267: “参数”: 从“size_t”转换到“u_int”，可能丢失数据
Maslov.cpp(208): warning C4267: “=”: 从“size_t”转换到“u_int”，可能丢失数据
Maslov.cpp(209): warning C4267: “=”: 从“size_t”转换到“u_int”，可能丢失数据
Maslov.cpp(335): warning C4267: “=”: 从“size_t”转换到“u_int”，可能丢失数据
Maslov.cpp(469): warning C4267: “=”: 从“size_t”转换到“u_int”，可能丢失数据
  正在生成代码
c:\users\xzzz\documents\github\pagani-toolkit\src\bnaplatform-weighted-network-win64-cuda7.0-20151118\src\common\hybridmap.h(99): warning C4715: “HybridMap::Get”: 不是所有的控件路径都返回值
  All 357 functions were compiled because no usable IPDB/IOBJ from previous compilation was found.
  已完成代码的生成
  Cp.vcxproj -> C:\Users\xzzz\Documents\GitHub\PAGANI-toolkit\src\BNAPlatform-weighted-network-win64-cuda7.0-20151118\src\Cp\Cp\..\..\..\bin\Cp.exe
