E:\PROJECT\CUCORMAT-SPEARMAN-PEARSON-PAN\X64\RELEASE\CUCORMAT-SCA-PSPEAR-PAN.EXE
E:\PROJECT\CUCORMAT-SPEARMAN-PEARSON-PAN\X64\RELEASE\CUCORMAT-SCA-PSPEAR-PAN.PDB
E:\project\CuCorMat-spearman-pearson-pan\x64\Release\Blocking-1spa2rth.cu.cache
E:\project\CuCorMat-spearman-pearson-pan\x64\Release\Blocking-2dense2csr.cu.cache
E:\project\CuCorMat-spearman-pearson-pan\x64\Release\CorMat-Pspear-1spa2rth.cu.cache
E:\project\CuCorMat-spearman-pearson-pan\x64\Release\CorMat-Pspear-2dense2csr.cu.cache
E:\project\CuCorMat-spearman-pearson-pan\x64\Release\CorMat-Pspear-preprocessing.cu.cache
E:\project\CuCorMat-spearman-pearson-pan\x64\Release\Blocking-1spa2rth.cu.obj
E:\project\CuCorMat-spearman-pearson-pan\x64\Release\Blocking-2dense2csr.cu.obj
E:\project\CuCorMat-spearman-pearson-pan\x64\Release\CorMat-Pspear-1spa2rth.cu.obj
E:\project\CuCorMat-spearman-pearson-pan\x64\Release\CorMat-Pspear-2dense2csr.cu.obj
E:\project\CuCorMat-spearman-pearson-pan\x64\Release\CorMat-Pspear-dense2csr.obj
E:\project\CuCorMat-spearman-pearson-pan\x64\Release\CorMat-Pspear-preprocessing.cu.obj
E:\project\CuCorMat-spearman-pearson-pan\x64\Release\cl.command.1.tlog
E:\project\CuCorMat-spearman-pearson-pan\x64\Release\CL.read.1.tlog
E:\project\CuCorMat-spearman-pearson-pan\x64\Release\CL.write.1.tlog
E:\project\CuCorMat-spearman-pearson-pan\x64\Release\link-cvtres.read.1.tlog
E:\project\CuCorMat-spearman-pearson-pan\x64\Release\link-cvtres.write.1.tlog
E:\project\CuCorMat-spearman-pearson-pan\x64\Release\link-rc.read.1.tlog
E:\project\CuCorMat-spearman-pearson-pan\x64\Release\link-rc.write.1.tlog
E:\project\CuCorMat-spearman-pearson-pan\x64\Release\link.command.1.tlog
E:\project\CuCorMat-spearman-pearson-pan\x64\Release\link.read.1.tlog
E:\project\CuCorMat-spearman-pearson-pan\x64\Release\link.read.2.tlog
E:\project\CuCorMat-spearman-pearson-pan\x64\Release\link.read.3.tlog
E:\project\CuCorMat-spearman-pearson-pan\x64\Release\link.read.4.tlog
E:\project\CuCorMat-spearman-pearson-pan\x64\Release\link.read.5.tlog
E:\project\CuCorMat-spearman-pearson-pan\x64\Release\link.write.1.tlog
E:\project\CuCorMat-spearman-pearson-pan\x64\Release\CuCorMat-sca-Pspear-pan.pdb
E:\project\CuCorMat-spearman-pearson-pan\x64\Release\vc110.pdb
E:\project\CuCorMat-spearman-pearson-pan\x64\Release\CuCorMat-sca-Pspear-pan.exe
