E:\PROJECT\CUCORMAT-SPEARMAN-PEARSON-PARA\X64\RELEASE\CORMAT-SPEAR-DENSE2CSR.OBJ
E:\PROJECT\CUCORMAT-SPEARMAN-PEARSON-PARA\X64\RELEASE\VC110.PDB
E:\PROJECT\CUCORMAT-SPEARMAN-PEARSON-PARA\X64\RELEASE\CUCORMAT-SCA-SPEAR.EXE
E:\PROJECT\CUCORMAT-SPEARMAN-PEARSON-PARA\X64\RELEASE\CUCORMAT-SCA-SPEAR.PDB
E:\project\CuCorMat-spearman-pearson-para\x64\Release\CorMat-spear-1spa2rth.cu.cache
E:\project\CuCorMat-spearman-pearson-para\x64\Release\CorMat-spear-2dense2csr.cu.cache
E:\project\CuCorMat-spearman-pearson-para\x64\Release\CorMat-spear-preprocessing.cu.cache
E:\project\CuCorMat-spearman-pearson-para\x64\Release\CorMat-spear-1spa2rth.cu.obj
E:\project\CuCorMat-spearman-pearson-para\x64\Release\CorMat-spear-2dense2csr.cu.obj
E:\project\CuCorMat-spearman-pearson-para\x64\Release\CorMat-spear-dense2csr.obj
E:\project\CuCorMat-spearman-pearson-para\x64\Release\CorMat-spear-preprocessing.cu.obj
E:\project\CuCorMat-spearman-pearson-para\x64\Release\cl.command.1.tlog
E:\project\CuCorMat-spearman-pearson-para\x64\Release\CL.read.1.tlog
E:\project\CuCorMat-spearman-pearson-para\x64\Release\CL.write.1.tlog
E:\project\CuCorMat-spearman-pearson-para\x64\Release\link-cvtres.read.1.tlog
E:\project\CuCorMat-spearman-pearson-para\x64\Release\link-cvtres.write.1.tlog
E:\project\CuCorMat-spearman-pearson-para\x64\Release\link-rc.read.1.tlog
E:\project\CuCorMat-spearman-pearson-para\x64\Release\link-rc.write.1.tlog
E:\project\CuCorMat-spearman-pearson-para\x64\Release\link.command.1.tlog
E:\project\CuCorMat-spearman-pearson-para\x64\Release\link.read.1.tlog
E:\project\CuCorMat-spearman-pearson-para\x64\Release\link.read.3.tlog
E:\project\CuCorMat-spearman-pearson-para\x64\Release\link.write.1.tlog
E:\project\CuCorMat-spearman-pearson-para\x64\Release\CuCorMat-sca-spear.pdb
E:\project\CuCorMat-spearman-pearson-para\x64\Release\vc110.pdb
E:\project\CuCorMat-spearman-pearson-para\x64\Release\CuCorMat-sca-spear.exe
