E:\GITHUBSYNCHRONIZEFILES\PAGANI-SOFTWARE\PAGANI_SOFTWARE\CUCORMAT-SCALABILITY-COR-DENSE2CSR\X64\RELEASE\CORMAT-COR-DENSE2CSR.OBJ
E:\GITHUBSYNCHRONIZEFILES\PAGANI-SOFTWARE\PAGANI_SOFTWARE\CUCORMAT-SCALABILITY-COR-DENSE2CSR\X64\RELEASE\VC110.PDB
E:\GITHUBSYNCHRONIZEFILES\PAGANI-SOFTWARE\PAGANI_SOFTWARE\CUCORMAT-SCALABILITY-COR-DENSE2CSR\X64\RELEASE\CUCORMAT-SCA-COR-DENSE2CSR.EXE
E:\GITHUBSYNCHRONIZEFILES\PAGANI-SOFTWARE\PAGANI_SOFTWARE\CUCORMAT-SCALABILITY-COR-DENSE2CSR\X64\RELEASE\CUCORMAT-SCA-COR-DENSE2CSR.PDB
E:\project\CuCorMat-spearman\x64\Release\CorMat-cor-dense2csr.cu.cache
E:\project\CuCorMat-spearman\x64\Release\CorMat-cor-spa2rth.cu.cache
E:\project\CuCorMat-spearman\x64\Release\CorMat-cor-dense2csr.cu.obj
E:\project\CuCorMat-spearman\x64\Release\CorMat-cor-dense2csr.obj
E:\project\CuCorMat-spearman\x64\Release\CorMat-cor-spa2rth.cu.obj
E:\project\CuCorMat-spearman\x64\Release\cl.command.1.tlog
E:\project\CuCorMat-spearman\x64\Release\CL.read.1.tlog
E:\project\CuCorMat-spearman\x64\Release\CL.write.1.tlog
E:\project\CuCorMat-spearman\x64\Release\link-cvtres.read.1.tlog
E:\project\CuCorMat-spearman\x64\Release\link-cvtres.write.1.tlog
E:\project\CuCorMat-spearman\x64\Release\link-rc.read.1.tlog
E:\project\CuCorMat-spearman\x64\Release\link-rc.write.1.tlog
E:\project\CuCorMat-spearman\x64\Release\link.command.1.tlog
E:\project\CuCorMat-spearman\x64\Release\link.read.1.tlog
E:\project\CuCorMat-spearman\x64\Release\link.write.1.tlog
E:\project\CuCorMat-spearman\x64\Release\CuCorMat-sca-cor-dense2csr.pdb
E:\project\CuCorMat-spearman\x64\Release\vc110.pdb
E:\project\CuCorMat-spearman\x64\Release\CuCorMat-sca-cor-dense2csr.exe
