E:\CUDAINTERGRATED\CUDA_TEST_PROJECT\CUDA_NEWEST\BNAPLATFORM-WIN64-CUDA7.0-20151118\SRC\NEWMAN_MODULARITY_GPU\CUMODULARITY\CUMODULARITY\X64\RELEASE\TIMER.OBJ
E:\CUDAINTERGRATED\CUDA_TEST_PROJECT\CUDA_NEWEST\BNAPLATFORM-WIN64-CUDA7.0-20151118\SRC\NEWMAN_MODULARITY_GPU\CUMODULARITY\CUMODULARITY\X64\RELEASE\MODULARITY_CPU.OBJ
E:\CUDAINTERGRATED\CUDA_TEST_PROJECT\CUDA_NEWEST\BNAPLATFORM-WIN64-CUDA7.0-20151118\SRC\NEWMAN_MODULARITY_GPU\CUMODULARITY\CUMODULARITY\X64\RELEASE\MASLOV.OBJ
E:\CUDAINTERGRATED\CUDA_TEST_PROJECT\CUDA_NEWEST\BNAPLATFORM-WIN64-CUDA7.0-20151118\SRC\NEWMAN_MODULARITY_GPU\CUMODULARITY\CUMODULARITY\X64\RELEASE\VC110.PDB
E:\CUDAINTERGRATED\CUDA_TEST_PROJECT\CUDA_NEWEST\BNAPLATFORM-WIN64-CUDA7.0-20151118\BIN\CUMODULARITY.EXE
E:\CUDAINTERGRATED\CUDA_TEST_PROJECT\CUDA_NEWEST\BNAPLATFORM-WIN64-CUDA7.0-20151118\BIN\CUMODULARITY.PDB
E:\cudaintergrated\cuda_test_project\cuda_newest\BNAPlatform-win64-cuda7.0-20151118\src\Newman_Modularity_GPU\CUmodularity\CUmodularity\x64\Release\modularity_GPU.cu.cache
E:\cudaintergrated\cuda_test_project\cuda_newest\BNAPlatform-win64-cuda7.0-20151118\src\Newman_Modularity_GPU\CUmodularity\CUmodularity\x64\Release\Maslov.obj
E:\cudaintergrated\cuda_test_project\cuda_newest\BNAPlatform-win64-cuda7.0-20151118\src\Newman_Modularity_GPU\CUmodularity\CUmodularity\x64\Release\Modularity_CPU.obj
E:\cudaintergrated\cuda_test_project\cuda_newest\BNAPlatform-win64-cuda7.0-20151118\src\Newman_Modularity_GPU\CUmodularity\CUmodularity\x64\Release\modularity_GPU.cu.obj
E:\cudaintergrated\cuda_test_project\cuda_newest\BNAPlatform-win64-cuda7.0-20151118\src\Newman_Modularity_GPU\CUmodularity\CUmodularity\x64\Release\Timer.obj
E:\cudaintergrated\cuda_test_project\cuda_newest\BNAPlatform-win64-cuda7.0-20151118\src\Newman_Modularity_GPU\CUmodularity\CUmodularity\x64\Release\cl.command.1.tlog
E:\cudaintergrated\cuda_test_project\cuda_newest\BNAPlatform-win64-cuda7.0-20151118\src\Newman_Modularity_GPU\CUmodularity\CUmodularity\x64\Release\CL.read.1.tlog
E:\cudaintergrated\cuda_test_project\cuda_newest\BNAPlatform-win64-cuda7.0-20151118\src\Newman_Modularity_GPU\CUmodularity\CUmodularity\x64\Release\CL.write.1.tlog
E:\cudaintergrated\cuda_test_project\cuda_newest\BNAPlatform-win64-cuda7.0-20151118\src\Newman_Modularity_GPU\CUmodularity\CUmodularity\x64\Release\link-cvtres.read.1.tlog
E:\cudaintergrated\cuda_test_project\cuda_newest\BNAPlatform-win64-cuda7.0-20151118\src\Newman_Modularity_GPU\CUmodularity\CUmodularity\x64\Release\link-cvtres.write.1.tlog
E:\cudaintergrated\cuda_test_project\cuda_newest\BNAPlatform-win64-cuda7.0-20151118\src\Newman_Modularity_GPU\CUmodularity\CUmodularity\x64\Release\link-rc.read.1.tlog
E:\cudaintergrated\cuda_test_project\cuda_newest\BNAPlatform-win64-cuda7.0-20151118\src\Newman_Modularity_GPU\CUmodularity\CUmodularity\x64\Release\link-rc.write.1.tlog
E:\cudaintergrated\cuda_test_project\cuda_newest\BNAPlatform-win64-cuda7.0-20151118\src\Newman_Modularity_GPU\CUmodularity\CUmodularity\x64\Release\link.command.1.tlog
E:\cudaintergrated\cuda_test_project\cuda_newest\BNAPlatform-win64-cuda7.0-20151118\src\Newman_Modularity_GPU\CUmodularity\CUmodularity\x64\Release\link.read.1.tlog
E:\cudaintergrated\cuda_test_project\cuda_newest\BNAPlatform-win64-cuda7.0-20151118\src\Newman_Modularity_GPU\CUmodularity\CUmodularity\x64\Release\link.write.1.tlog
E:\cudaintergrated\cuda_test_project\cuda_newest\BNAPlatform-win64-cuda7.0-20151118\src\Newman_Modularity_GPU\CUmodularity\CUmodularity\x64\Release\vc110.pdb
E:\cudaintergrated\cuda_test_project\cuda_newest\BNAPlatform-win64-cuda7.0-20151118\src\Newman_Modularity_GPU\CUmodularity\CUmodularity\..\..\..\..\bin\CUmodularity.exe
