生成启动时间为 2015/12/30 11:42:20。
     1>项目“E:\cudaintergrated\cuda_test_project\cuda_newest\BNAPlatform-win64-cuda7.0-20151118\src\Maslov\Maslov\Maslov.vcxproj”在节点 5 上(Rebuild 个目标)。
     1>_PrepareForClean:
         正在删除文件“x64\Release\Maslov.lastbuildstate”。
       InitializeBuildStatus:
         正在创建“x64\Release\Maslov.unsuccessfulbuild”，因为已指定“AlwaysCreate”。
       ClCompile:
         E:\Program Files (x86)\Microsoft Visual Studio 11.0\VC\bin\x86_amd64\CL.exe /c /I..\..\common /Zi /nologo /W3 /WX- /O2 /Oi /GL /D WIN32 /D NDEBUG /D _CONSOLE /D _USING_V110_SDK71_ /D _UNICODE /D UNICODE /Gm- /EHsc /MD /GS /Gy /fp:precise /Zc:wchar_t /Zc:forScope /Fo"x64\Release\\" /Fd"x64\Release\vc110.pdb" /Gd /TP /errorReport:prompt Maslov.cpp Maslov_main.cpp
         Maslov.cpp
     1>Maslov.cpp(20): warning C4244: “参数”: 从“time_t”转换到“unsigned int”，可能丢失数据
         Maslov_main.cpp
     1>Maslov_main.cpp(25): warning C4267: “初始化”: 从“size_t”转换到“int”，可能丢失数据
     1>Maslov_main.cpp(28): warning C4996: 'strcpy': This function or variable may be unsafe. Consider using strcpy_s instead. To disable deprecation, use _CRT_SECURE_NO_WARNINGS. See online help for details.
                 E:\Program Files (x86)\Microsoft Visual Studio 11.0\VC\include\string.h(110) : 参见“strcpy”的声明
     1>Maslov_main.cpp(29): warning C4996: 'strcpy': This function or variable may be unsafe. Consider using strcpy_s instead. To disable deprecation, use _CRT_SECURE_NO_WARNINGS. See online help for details.
                 E:\Program Files (x86)\Microsoft Visual Studio 11.0\VC\include\string.h(110) : 参见“strcpy”的声明
       Link:
         E:\Program Files (x86)\Microsoft Visual Studio 11.0\VC\bin\x86_amd64\link.exe /ERRORREPORT:PROMPT /OUT:"..\..\..\bin\Maslov.exe" /INCREMENTAL:NO /NOLOGO kernel32.lib user32.lib gdi32.lib winspool.lib comdlg32.lib advapi32.lib shell32.lib ole32.lib oleaut32.lib uuid.lib odbc32.lib odbccp32.lib /MANIFEST /MANIFESTUAC:"level='asInvoker' uiAccess='false'" /manifest:embed /PDB:"..\..\..\bin\Maslov.pdb" /SUBSYSTEM:CONSOLE,"5.02" /OPT:REF /OPT:ICF /LTCG /TLBID:1 /DYNAMICBASE /NXCOMPAT /IMPLIB:"..\..\..\bin\Maslov.lib" /MACHINE:X64 x64\Release\Maslov.obj
         x64\Release\Maslov_main.obj
         正在生成代码
         已完成代码的生成
         Maslov.vcxproj -> E:\cudaintergrated\cuda_test_project\cuda_newest\BNAPlatform-win64-cuda7.0-20151118\src\Maslov\Maslov\..\..\..\bin\Maslov.exe
       FinalizeBuildStatus:
         正在删除文件“x64\Release\Maslov.unsuccessfulbuild”。
         正在对“x64\Release\Maslov.lastbuildstate”执行 Touch 任务。
     1>已完成生成项目“E:\cudaintergrated\cuda_test_project\cuda_newest\BNAPlatform-win64-cuda7.0-20151118\src\Maslov\Maslov\Maslov.vcxproj”(Rebuild 个目标)的操作。

生成成功。

已用时间 00:00:03.18
