E:\CUDAINTERGRATED\CUDA_TEST_PROJECT\CUDA_EC\CUDA_EC\X64\DEBUG\MASLOV.OBJ
E:\CUDAINTERGRATED\CUDA_TEST_PROJECT\CUDA_EC\CUDA_EC\X64\DEBUG\MODULARITY_CPU.OBJ
E:\CUDAINTERGRATED\CUDA_TEST_PROJECT\CUDA_EC\CUDA_EC\X64\DEBUG\TIMER.OBJ
E:\CUDAINTERGRATED\CUDA_TEST_PROJECT\CUDA_EC\CUDA_EC\X64\DEBUG\VC110.PDB
E:\CUDAINTERGRATED\CUDA_TEST_PROJECT\CUDA_EC\X64\DEBUG\CUDA_EC.ILK
E:\CUDAINTERGRATED\CUDA_TEST_PROJECT\CUDA_EC\X64\DEBUG\CUDA_EC.EXE
E:\CUDAINTERGRATED\CUDA_TEST_PROJECT\CUDA_EC\X64\DEBUG\CUDA_EC.PDB
E:\cudaintergrated\cuda_test_project\cuda_EC\cuda_EC\x64\Debug\ecGPU.cu.cache
E:\cudaintergrated\cuda_test_project\cuda_EC\cuda_EC\x64\Debug\ecGPU.cu.obj
E:\cudaintergrated\cuda_test_project\cuda_EC\cuda_EC\x64\Debug\Maslov.obj
E:\cudaintergrated\cuda_test_project\cuda_EC\cuda_EC\x64\Debug\Modularity_CPU.obj
E:\cudaintergrated\cuda_test_project\cuda_EC\cuda_EC\x64\Debug\Timer.obj
E:\cudaintergrated\cuda_test_project\cuda_EC\cuda_EC\x64\Debug\cl.command.1.tlog
E:\cudaintergrated\cuda_test_project\cuda_EC\cuda_EC\x64\Debug\CL.read.1.tlog
E:\cudaintergrated\cuda_test_project\cuda_EC\cuda_EC\x64\Debug\CL.write.1.tlog
E:\cudaintergrated\cuda_test_project\cuda_EC\cuda_EC\x64\Debug\link-cvtres.read.1.tlog
E:\cudaintergrated\cuda_test_project\cuda_EC\cuda_EC\x64\Debug\link-cvtres.write.1.tlog
E:\cudaintergrated\cuda_test_project\cuda_EC\cuda_EC\x64\Debug\link-rc.read.1.tlog
E:\cudaintergrated\cuda_test_project\cuda_EC\cuda_EC\x64\Debug\link-rc.write.1.tlog
E:\cudaintergrated\cuda_test_project\cuda_EC\cuda_EC\x64\Debug\link.command.1.tlog
E:\cudaintergrated\cuda_test_project\cuda_EC\cuda_EC\x64\Debug\link.read.1.tlog
E:\cudaintergrated\cuda_test_project\cuda_EC\cuda_EC\x64\Debug\link.write.1.tlog
E:\cudaintergrated\cuda_test_project\cuda_EC\cuda_EC\x64\Debug\vc110.idb
E:\cudaintergrated\cuda_test_project\cuda_EC\cuda_EC\x64\Debug\vc110.pdb
E:\cudaintergrated\cuda_test_project\cuda_EC\x64\Debug\cuda_EC.pdb
E:\cudaintergrated\cuda_test_project\cuda_EC\x64\Debug\cuda_EC.exe
E:\cudaintergrated\cuda_test_project\cuda_EC\x64\Debug\cuda_EC.ilk
