生成启动时间为 2015/9/23 19:24:00。
     1>项目“D:\Programming\BNAplatform\BNAPlatform-win64-cuda7.0-20150413\src\CUEC\CUEC\CUEC.vcxproj”在节点 5 上(Build 个目标)。
     1>Link:
         C:\Program Files (x86)\Microsoft Visual Studio 11.0\VC\bin\x86_amd64\link.exe /ERRORREPORT:PROMPT /OUT:"D:\Programming\BNAplatform\BNAPlatform-win64-cuda7.0-20150413\src\x64\Debug\CUEC.exe" /INCREMENTAL /NOLOGO /LIBPATH:"C:\Program Files\NVIDIA GPU Computing Toolkit\CUDA\v7.0\lib\x64" cudart.lib kernel32.lib user32.lib gdi32.lib winspool.lib comdlg32.lib advapi32.lib shell32.lib ole32.lib oleaut32.lib uuid.lib odbc32.lib odbccp32.lib kernel32.lib user32.lib gdi32.lib winspool.lib comdlg32.lib advapi32.lib shell32.lib ole32.lib oleaut32.lib uuid.lib odbc32.lib odbccp32.lib /MANIFEST /MANIFESTUAC:"level='asInvoker' uiAccess='false'" /manifest:embed /DEBUG /PDB:"D:\Programming\BNAplatform\BNAPlatform-win64-cuda7.0-20150413\src\x64\Debug\CUEC.pdb" /SUBSYSTEM:CONSOLE /TLBID:1 /DYNAMICBASE /NXCOMPAT /IMPLIB:"D:\Programming\BNAplatform\BNAPlatform-win64-cuda7.0-20150413\src\x64\Debug\CUEC.lib" /MACHINE:X64 x64\Debug\CUEC_unweighted.cu.obj
         x64\Debug\Timer.obj
     1>CUEC_unweighted.cu.obj : error LNK2019: 无法解析的外部符号 cublasCreate_v2，该符号在函数 "double __cdecl Lead_Vector_GPU(int *,int *,long,double *)" (?Lead_Vector_GPU@@YANPEAH0JPEAN@Z) 中被引用
     1>CUEC_unweighted.cu.obj : error LNK2019: 无法解析的外部符号 cublasDestroy_v2，该符号在函数 "double __cdecl Lead_Vector_GPU(int *,int *,long,double *)" (?Lead_Vector_GPU@@YANPEAH0JPEAN@Z) 中被引用
     1>CUEC_unweighted.cu.obj : error LNK2019: 无法解析的外部符号 cublasDnrm2_v2，该符号在函数 "double __cdecl Lead_Vector_GPU(int *,int *,long,double *)" (?Lead_Vector_GPU@@YANPEAH0JPEAN@Z) 中被引用
     1>CUEC_unweighted.cu.obj : error LNK2019: 无法解析的外部符号 cublasDscal_v2，该符号在函数 "double __cdecl Lead_Vector_GPU(int *,int *,long,double *)" (?Lead_Vector_GPU@@YANPEAH0JPEAN@Z) 中被引用
     1>CUEC_unweighted.cu.obj : error LNK2019: 无法解析的外部符号 cublasDcopy_v2，该符号在函数 "double __cdecl Lead_Vector_GPU(int *,int *,long,double *)" (?Lead_Vector_GPU@@YANPEAH0JPEAN@Z) 中被引用
     1>CUEC_unweighted.cu.obj : error LNK2019: 无法解析的外部符号 cusparseCreate，该符号在函数 "double __cdecl Lead_Vector_GPU(int *,int *,long,double *)" (?Lead_Vector_GPU@@YANPEAH0JPEAN@Z) 中被引用
     1>CUEC_unweighted.cu.obj : error LNK2019: 无法解析的外部符号 cusparseDestroy，该符号在函数 "double __cdecl Lead_Vector_GPU(int *,int *,long,double *)" (?Lead_Vector_GPU@@YANPEAH0JPEAN@Z) 中被引用
     1>CUEC_unweighted.cu.obj : error LNK2019: 无法解析的外部符号 cusparseCreateMatDescr，该符号在函数 "double __cdecl Lead_Vector_GPU(int *,int *,long,double *)" (?Lead_Vector_GPU@@YANPEAH0JPEAN@Z) 中被引用
     1>CUEC_unweighted.cu.obj : error LNK2019: 无法解析的外部符号 cusparseDestroyMatDescr，该符号在函数 "double __cdecl Lead_Vector_GPU(int *,int *,long,double *)" (?Lead_Vector_GPU@@YANPEAH0JPEAN@Z) 中被引用
     1>CUEC_unweighted.cu.obj : error LNK2019: 无法解析的外部符号 cusparseSetMatType，该符号在函数 "double __cdecl Lead_Vector_GPU(int *,int *,long,double *)" (?Lead_Vector_GPU@@YANPEAH0JPEAN@Z) 中被引用
     1>CUEC_unweighted.cu.obj : error LNK2019: 无法解析的外部符号 cusparseSetMatIndexBase，该符号在函数 "double __cdecl Lead_Vector_GPU(int *,int *,long,double *)" (?Lead_Vector_GPU@@YANPEAH0JPEAN@Z) 中被引用
     1>CUEC_unweighted.cu.obj : error LNK2019: 无法解析的外部符号 cusparseDcsrmv，该符号在函数 "double __cdecl Lead_Vector_GPU(int *,int *,long,double *)" (?Lead_Vector_GPU@@YANPEAH0JPEAN@Z) 中被引用
     1>D:\Programming\BNAplatform\BNAPlatform-win64-cuda7.0-20150413\src\x64\Debug\CUEC.exe : fatal error LNK1120: 12 个无法解析的外部命令
     1>已完成生成项目“D:\Programming\BNAplatform\BNAPlatform-win64-cuda7.0-20150413\src\CUEC\CUEC\CUEC.vcxproj”(Build 个目标)的操作 - 失败。

生成失败。

已用时间 00:00:00.58
