E:\PROJECT\CUCORMAT-KENDALL\X64\RELEASE\CORMAT-KENDALL-DENSE2CSR.OBJ
E:\PROJECT\CUCORMAT-KENDALL\X64\RELEASE\VC110.PDB
E:\PROJECT\CUCORMAT-KENDALL\X64\RELEASE\CUCORMAT-SCA-KENDALL.EXE
E:\PROJECT\CUCORMAT-KENDALL\X64\RELEASE\CUCORMAT-SCA-KENDALL.PDB
E:\project\CuCorMat-kendall\x64\Release\Blocking-1spa2rth.cu.cache
E:\project\CuCorMat-kendall\x64\Release\Blocking-2dense2csr.cu.cache
E:\project\CuCorMat-kendall\x64\Release\CorMat-kendall-1spa2rth.cu.cache
E:\project\CuCorMat-kendall\x64\Release\CorMat-kendall-2dense2csr.cu.cache
E:\project\CuCorMat-kendall\x64\Release\pre_process.cu.cache
E:\project\CuCorMat-kendall\x64\Release\Blocking-1spa2rth.cu.obj
E:\project\CuCorMat-kendall\x64\Release\Blocking-2dense2csr.cu.obj
E:\project\CuCorMat-kendall\x64\Release\CorMat-kendall-1spa2rth.cu.obj
E:\project\CuCorMat-kendall\x64\Release\CorMat-kendall-2dense2csr.cu.obj
E:\project\CuCorMat-kendall\x64\Release\CorMat-kendall-dense2csr.obj
E:\project\CuCorMat-kendall\x64\Release\pre_process.cu.obj
E:\project\CuCorMat-kendall\x64\Release\cl.command.1.tlog
E:\project\CuCorMat-kendall\x64\Release\CL.read.1.tlog
E:\project\CuCorMat-kendall\x64\Release\CL.write.1.tlog
E:\project\CuCorMat-kendall\x64\Release\link-cvtres.read.1.tlog
E:\project\CuCorMat-kendall\x64\Release\link-cvtres.write.1.tlog
E:\project\CuCorMat-kendall\x64\Release\link-rc.read.1.tlog
E:\project\CuCorMat-kendall\x64\Release\link-rc.write.1.tlog
E:\project\CuCorMat-kendall\x64\Release\link.command.1.tlog
E:\project\CuCorMat-kendall\x64\Release\link.read.1.tlog
E:\project\CuCorMat-kendall\x64\Release\link.write.1.tlog
E:\project\CuCorMat-kendall\x64\Release\CuCorMat-sca-kendall.pdb
E:\project\CuCorMat-kendall\x64\Release\vc110.pdb
E:\project\CuCorMat-kendall\x64\Release\CuCorMat-sca-kendall.exe
