生成启动时间为 2015/4/13 17:01:47。
     1>项目“C:\YuduLi\BNAPlatform-win64-cuda7.0-20150413\src\CorMat\CUCorMat\CUCORMAT\CUCorMat\CUCorMat.vcxproj”在节点 2 上(Build 个目标)。
     1>AddCudaCompileDeps:
         C:\Program Files (x86)\Microsoft Visual Studio 11.0\VC\bin\cl.exe /E /nologo /showIncludes /TP /D__CUDACC__ /DWIN32 /D_DEBUG /D_CONSOLE /D_MBCS /I..\..\..\..\common /I"C:\Program Files\NVIDIA GPU Computing Toolkit\CUDA\v7.0\include" /I"C:\Program Files\NVIDIA GPU Computing Toolkit\CUDA\v7.0\bin" /I"C:\Program Files\NVIDIA GPU Computing Toolkit\CUDA\v7.0\include" /I. /FIcuda_runtime.h /c C:\YuduLi\BNAPlatform-win64-cuda7.0-20150413\src\CorMat\CUCorMat\CUCORMAT\CorMat.cu 
       CudaBuild:
         Compiling CUDA source file ..\CorMat.cu...
         cmd.exe /C "C:\Users\hp\AppData\Local\Temp\tmpe3d5339a77bb447092dca4f6430637ae.cmd"
         "C:\Program Files\NVIDIA GPU Computing Toolkit\CUDA\v7.0\bin\nvcc.exe" -gencode=arch=compute_20,code=\"sm_20,compute_20\" --use-local-env --cl-version 2012 -ccbin "C:\Program Files (x86)\Microsoft Visual Studio 11.0\VC\bin"  -I..\..\..\..\common -I"C:\Program Files\NVIDIA GPU Computing Toolkit\CUDA\v7.0\include" -I"C:\Program Files\NVIDIA GPU Computing Toolkit\CUDA\v7.0\include"  -G   --keep-dir Debug -maxrregcount=0  --machine 32 --compile -cudart static  -g   -DWIN32 -D_DEBUG -D_CONSOLE -D_MBCS -Xcompiler "/EHsc /W3 /nologo /Od /Zi /RTC1 /MDd  " -o Debug\CorMat.cu.obj "C:\YuduLi\BNAPlatform-win64-cuda7.0-20150413\src\CorMat\CUCorMat\CUCORMAT\CorMat.cu"
         
         C:\YuduLi\BNAPlatform-win64-cuda7.0-20150413\src\CorMat\CUCorMat\CUCORMAT\CUCorMat>"C:\Program Files\NVIDIA GPU Computing Toolkit\CUDA\v7.0\bin\nvcc.exe" -gencode=arch=compute_20,code=\"sm_20,compute_20\" --use-local-env --cl-version 2012 -ccbin "C:\Program Files (x86)\Microsoft Visual Studio 11.0\VC\bin"  -I..\..\..\..\common -I"C:\Program Files\NVIDIA GPU Computing Toolkit\CUDA\v7.0\include" -I"C:\Program Files\NVIDIA GPU Computing Toolkit\CUDA\v7.0\include"  -G   --keep-dir Debug -maxrregcount=0  --machine 32 --compile -cudart static  -g   -DWIN32 -D_DEBUG -D_CONSOLE -D_MBCS -Xcompiler "/EHsc /W3 /nologo /Od /Zi /RTC1 /MDd  " -o Debug\CorMat.cu.obj "C:\YuduLi\BNAPlatform-win64-cuda7.0-20150413\src\CorMat\CUCorMat\CUCORMAT\CorMat.cu" 
     1>c:\program files\nvidia gpu computing toolkit\cuda\v7.0\include\math_functions.h : warning C4819: 该文件包含不能在当前代码页(936)中表示的字符。请将该文件保存为 Unicode 格式以防止数据丢失
     1>c:\program files\nvidia gpu computing toolkit\cuda\v7.0\include\math_functions.h(877): warning C4819: 该文件包含不能在当前代码页(936)中表示的字符。请将该文件保存为 Unicode 格式以防止数据丢失
     1>c:\program files\nvidia gpu computing toolkit\cuda\v7.0\include\math_functions.h(1850): warning C4819: 该文件包含不能在当前代码页(936)中表示的字符。请将该文件保存为 Unicode 格式以防止数据丢失
     1>c:\program files\nvidia gpu computing toolkit\cuda\v7.0\include\math_functions.h(2728): warning C4819: 该文件包含不能在当前代码页(936)中表示的字符。请将该文件保存为 Unicode 格式以防止数据丢失
     1>c:\program files\nvidia gpu computing toolkit\cuda\v7.0\include\math_functions.h(3651): warning C4819: 该文件包含不能在当前代码页(936)中表示的字符。请将该文件保存为 Unicode 格式以防止数据丢失
     1>c:\program files\nvidia gpu computing toolkit\cuda\v7.0\include\math_functions.h(4595): warning C4819: 该文件包含不能在当前代码页(936)中表示的字符。请将该文件保存为 Unicode 格式以防止数据丢失
     1>c:\program files\nvidia gpu computing toolkit\cuda\v7.0\include\math_functions.h(5521): warning C4819: 该文件包含不能在当前代码页(936)中表示的字符。请将该文件保存为 Unicode 格式以防止数据丢失
     1>c:\program files\nvidia gpu computing toolkit\cuda\v7.0\include\math_functions.h(6421): warning C4819: 该文件包含不能在当前代码页(936)中表示的字符。请将该文件保存为 Unicode 格式以防止数据丢失
     1>c:\program files\nvidia gpu computing toolkit\cuda\v7.0\include\math_functions.h(7314): warning C4819: 该文件包含不能在当前代码页(936)中表示的字符。请将该文件保存为 Unicode 格式以防止数据丢失
     1>c:\program files\nvidia gpu computing toolkit\cuda\v7.0\include\math_functions.h(8227): warning C4819: 该文件包含不能在当前代码页(936)中表示的字符。请将该文件保存为 Unicode 格式以防止数据丢失
     1>c:\program files\nvidia gpu computing toolkit\cuda\v7.0\include\device_functions.h : warning C4819: 该文件包含不能在当前代码页(936)中表示的字符。请将该文件保存为 Unicode 格式以防止数据丢失
     1>c:\program files\nvidia gpu computing toolkit\cuda\v7.0\include\device_functions.h(775): warning C4819: 该文件包含不能在当前代码页(936)中表示的字符。请将该文件保存为 Unicode 格式以防止数据丢失
     1>c:\program files\nvidia gpu computing toolkit\cuda\v7.0\include\device_functions.h(1632): warning C4819: 该文件包含不能在当前代码页(936)中表示的字符。请将该文件保存为 Unicode 格式以防止数据丢失
     1>c:\program files\nvidia gpu computing toolkit\cuda\v7.0\include\device_double_functions.h : warning C4819: 该文件包含不能在当前代码页(936)中表示的字符。请将该文件保存为 Unicode 格式以防止数据丢失
     1>C:/YuduLi/BNAPlatform-win64-cuda7.0-20150413/src/CorMat/CUCorMat/CUCORMAT/CorMat.cu(80): error : identifier "cublasCreate" is undefined
     1>C:/YuduLi/BNAPlatform-win64-cuda7.0-20150413/src/CorMat/CUCorMat/CUCORMAT/CorMat.cu(93): error : argument of type "cublasHandle_t" is incompatible with parameter of type "char"
     1>C:/YuduLi/BNAPlatform-win64-cuda7.0-20150413/src/CorMat/CUCorMat/CUCORMAT/CorMat.cu(93): error : argument of type "real__t *" is incompatible with parameter of type "int"
     1>C:/YuduLi/BNAPlatform-win64-cuda7.0-20150413/src/CorMat/CUCorMat/CUCORMAT/CorMat.cu(93): error : argument of type "int" is incompatible with parameter of type "const float *"
     1>C:/YuduLi/BNAPlatform-win64-cuda7.0-20150413/src/CorMat/CUCorMat/CUCORMAT/CorMat.cu(93): error : argument of type "real__t *" is incompatible with parameter of type "int"
     1>C:/YuduLi/BNAPlatform-win64-cuda7.0-20150413/src/CorMat/CUCorMat/CUCORMAT/CorMat.cu(93): error : argument of type "const float *" is incompatible with parameter of type "float *"
     1>C:/YuduLi/BNAPlatform-win64-cuda7.0-20150413/src/CorMat/CUCorMat/CUCORMAT/CorMat.cu(93): error : argument of type "real__t *" is incompatible with parameter of type "int"
     1>C:/YuduLi/BNAPlatform-win64-cuda7.0-20150413/src/CorMat/CUCorMat/CUCORMAT/CorMat.cu(93): error : too many arguments in function call
     1>C:/YuduLi/BNAPlatform-win64-cuda7.0-20150413/src/CorMat/CUCorMat/CUCORMAT/CorMat.cu(93): error : a value of type "void" cannot be assigned to an entity of type "cublasStatus_t"
     1>C:/YuduLi/BNAPlatform-win64-cuda7.0-20150413/src/CorMat/CUCorMat/CUCORMAT/CorMat.cu(156): error : identifier "cublasDestroy" is undefined
     1>C:/YuduLi/BNAPlatform-win64-cuda7.0-20150413/src/CorMat/CUCorMat/CUCORMAT/CorMat.cu(20): warning : variable "BOLD_t1" was set but never used
     1>C:/YuduLi/BNAPlatform-win64-cuda7.0-20150413/src/CorMat/CUCorMat/CUCORMAT/CorMat.cu(20): warning : variable "BOLD_t2" was set but never used
     1>C:/YuduLi/BNAPlatform-win64-cuda7.0-20150413/src/CorMat/CUCorMat/CUCORMAT/CorMat.cu(20): warning : variable "tempout" was set but never used
     1>C:/YuduLi/BNAPlatform-win64-cuda7.0-20150413/src/CorMat/CUCorMat/CUCORMAT/CorMat.cu(234): error : identifier "cublasCreate" is undefined
     1>C:/YuduLi/BNAPlatform-win64-cuda7.0-20150413/src/CorMat/CUCorMat/CUCORMAT/CorMat.cu(255): error : argument of type "cublasHandle_t" is incompatible with parameter of type "int"
     1>C:/YuduLi/BNAPlatform-win64-cuda7.0-20150413/src/CorMat/CUCorMat/CUCORMAT/CorMat.cu(255): error : argument of type "int" is incompatible with parameter of type "const double *"
     1>C:/YuduLi/BNAPlatform-win64-cuda7.0-20150413/src/CorMat/CUCorMat/CUCORMAT/CorMat.cu(255): error : argument of type "double *" is incompatible with parameter of type "int"
     1>C:/YuduLi/BNAPlatform-win64-cuda7.0-20150413/src/CorMat/CUCorMat/CUCORMAT/CorMat.cu(255): error : too many arguments in function call
     1>C:/YuduLi/BNAPlatform-win64-cuda7.0-20150413/src/CorMat/CUCorMat/CUCORMAT/CorMat.cu(255): error : a value of type "double" cannot be assigned to an entity of type "cublasStatus_t"
     1>C:/YuduLi/BNAPlatform-win64-cuda7.0-20150413/src/CorMat/CUCorMat/CUCORMAT/CorMat.cu(258): error : argument of type "cublasHandle_t" is incompatible with parameter of type "int"
     1>C:/YuduLi/BNAPlatform-win64-cuda7.0-20150413/src/CorMat/CUCorMat/CUCORMAT/CorMat.cu(258): error : argument of type "int" is incompatible with parameter of type "const double *"
     1>C:/YuduLi/BNAPlatform-win64-cuda7.0-20150413/src/CorMat/CUCorMat/CUCORMAT/CorMat.cu(258): error : argument of type "double *" is incompatible with parameter of type "int"
     1>C:/YuduLi/BNAPlatform-win64-cuda7.0-20150413/src/CorMat/CUCorMat/CUCORMAT/CorMat.cu(258): error : too many arguments in function call
     1>C:/YuduLi/BNAPlatform-win64-cuda7.0-20150413/src/CorMat/CUCorMat/CUCORMAT/CorMat.cu(258): error : a value of type "double" cannot be assigned to an entity of type "cublasStatus_t"
     1>C:/YuduLi/BNAPlatform-win64-cuda7.0-20150413/src/CorMat/CUCorMat/CUCORMAT/CorMat.cu(211): warning : variable "index" was declared but never referenced
     1>C:/YuduLi/BNAPlatform-win64-cuda7.0-20150413/src/CorMat/CUCorMat/CUCORMAT/CorMat.cu(298): error : identifier "cublasCreate" is undefined
     1>C:/YuduLi/BNAPlatform-win64-cuda7.0-20150413/src/CorMat/CUCorMat/CUCORMAT/CorMat.cu(311): error : argument of type "cublasHandle_t" is incompatible with parameter of type "int"
     1>C:/YuduLi/BNAPlatform-win64-cuda7.0-20150413/src/CorMat/CUCorMat/CUCORMAT/CorMat.cu(311): error : argument of type "long long" is incompatible with parameter of type "const float *"
     1>C:/YuduLi/BNAPlatform-win64-cuda7.0-20150413/src/CorMat/CUCorMat/CUCORMAT/CorMat.cu(311): error : argument of type "real__t *" is incompatible with parameter of type "int"
     1>C:/YuduLi/BNAPlatform-win64-cuda7.0-20150413/src/CorMat/CUCorMat/CUCORMAT/CorMat.cu(311): error : too many arguments in function call
     1>C:/YuduLi/BNAPlatform-win64-cuda7.0-20150413/src/CorMat/CUCorMat/CUCORMAT/CorMat.cu(311): error : a value of type "int" cannot be assigned to an entity of type "cublasStatus_t"
     1>C:/YuduLi/BNAPlatform-win64-cuda7.0-20150413/src/CorMat/CUCorMat/CUCORMAT/CorMat.cu(318): error : argument of type "cublasHandle_t" is incompatible with parameter of type "int"
     1>C:/YuduLi/BNAPlatform-win64-cuda7.0-20150413/src/CorMat/CUCorMat/CUCORMAT/CorMat.cu(318): error : argument of type "long long" is incompatible with parameter of type "const float *"
     1>C:/YuduLi/BNAPlatform-win64-cuda7.0-20150413/src/CorMat/CUCorMat/CUCORMAT/CorMat.cu(318): error : argument of type "real__t *" is incompatible with parameter of type "int"
     1>C:/YuduLi/BNAPlatform-win64-cuda7.0-20150413/src/CorMat/CUCorMat/CUCORMAT/CorMat.cu(318): error : too many arguments in function call
     1>C:/YuduLi/BNAPlatform-win64-cuda7.0-20150413/src/CorMat/CUCorMat/CUCORMAT/CorMat.cu(318): error : a value of type "int" cannot be assigned to an entity of type "cublasStatus_t"
         CorMat.cu
     1>C:\Program Files (x86)\MSBuild\Microsoft.Cpp\v4.0\V110\BuildCustomizations\CUDA 7.0.targets(593,9): error MSB3721: 命令“"C:\Program Files\NVIDIA GPU Computing Toolkit\CUDA\v7.0\bin\nvcc.exe" -gencode=arch=compute_20,code=\"sm_20,compute_20\" --use-local-env --cl-version 2012 -ccbin "C:\Program Files (x86)\Microsoft Visual Studio 11.0\VC\bin"  -I..\..\..\..\common -I"C:\Program Files\NVIDIA GPU Computing Toolkit\CUDA\v7.0\include" -I"C:\Program Files\NVIDIA GPU Computing Toolkit\CUDA\v7.0\include"  -G   --keep-dir Debug -maxrregcount=0  --machine 32 --compile -cudart static  -g   -DWIN32 -D_DEBUG -D_CONSOLE -D_MBCS -Xcompiler "/EHsc /W3 /nologo /Od /Zi /RTC1 /MDd  " -o Debug\CorMat.cu.obj "C:\YuduLi\BNAPlatform-win64-cuda7.0-20150413\src\CorMat\CUCorMat\CUCORMAT\CorMat.cu"”已退出，返回代码为 2。
     1>已完成生成项目“C:\YuduLi\BNAPlatform-win64-cuda7.0-20150413\src\CorMat\CUCorMat\CUCORMAT\CUCorMat\CUCorMat.vcxproj”(Build 个目标)的操作 - 失败。

生成失败。

已用时间 00:00:02.05
