E:\CUDAINTERGRATED\CUDA_TEST_PROJECT\CUDA_NEWEST\BNAPLATFORM-WIN64-CUDA7.0-20151118\SRC\SMALLWORLDPROPERTY\RELEASE\SMALLWORLDPROPERTY.PCH
E:\CUDAINTERGRATED\CUDA_TEST_PROJECT\CUDA_NEWEST\BNAPLATFORM-WIN64-CUDA7.0-20151118\SRC\SMALLWORLDPROPERTY\RELEASE\STDAFX.OBJ
E:\CUDAINTERGRATED\CUDA_TEST_PROJECT\CUDA_NEWEST\BNAPLATFORM-WIN64-CUDA7.0-20151118\SRC\SMALLWORLDPROPERTY\RELEASE\VC110.PDB
E:\CUDAINTERGRATED\CUDA_TEST_PROJECT\CUDA_NEWEST\BNAPLATFORM-WIN64-CUDA7.0-20151118\SRC\SMALLWORLDPROPERTY\RELEASE\SMALLWORLDPROPERTY.OBJ
E:\CUDAINTERGRATED\CUDA_TEST_PROJECT\CUDA_NEWEST\BNAPLATFORM-WIN64-CUDA7.0-20151118\BIN\SMALLWORLDPROPERTY.EXE
E:\CUDAINTERGRATED\CUDA_TEST_PROJECT\CUDA_NEWEST\BNAPLATFORM-WIN64-CUDA7.0-20151118\BIN\SMALLWORLDPROPERTY.PDB
E:\cudaintergrated\cuda_test_project\cuda_newest\BNAPlatform-win64-cuda7.0-20151118\src\SmallWorldProperty\Release\SmallWorldProperty.obj
E:\cudaintergrated\cuda_test_project\cuda_newest\BNAPlatform-win64-cuda7.0-20151118\src\SmallWorldProperty\Release\stdafx.obj
E:\cudaintergrated\cuda_test_project\cuda_newest\BNAPlatform-win64-cuda7.0-20151118\src\SmallWorldProperty\Release\cl.command.1.tlog
E:\cudaintergrated\cuda_test_project\cuda_newest\BNAPlatform-win64-cuda7.0-20151118\src\SmallWorldProperty\Release\CL.read.1.tlog
E:\cudaintergrated\cuda_test_project\cuda_newest\BNAPlatform-win64-cuda7.0-20151118\src\SmallWorldProperty\Release\CL.write.1.tlog
E:\cudaintergrated\cuda_test_project\cuda_newest\BNAPlatform-win64-cuda7.0-20151118\src\SmallWorldProperty\Release\link-cvtres.read.1.tlog
E:\cudaintergrated\cuda_test_project\cuda_newest\BNAPlatform-win64-cuda7.0-20151118\src\SmallWorldProperty\Release\link-cvtres.write.1.tlog
E:\cudaintergrated\cuda_test_project\cuda_newest\BNAPlatform-win64-cuda7.0-20151118\src\SmallWorldProperty\Release\link-rc.read.1.tlog
E:\cudaintergrated\cuda_test_project\cuda_newest\BNAPlatform-win64-cuda7.0-20151118\src\SmallWorldProperty\Release\link-rc.write.1.tlog
E:\cudaintergrated\cuda_test_project\cuda_newest\BNAPlatform-win64-cuda7.0-20151118\src\SmallWorldProperty\Release\link.command.1.tlog
E:\cudaintergrated\cuda_test_project\cuda_newest\BNAPlatform-win64-cuda7.0-20151118\src\SmallWorldProperty\Release\link.read.1.tlog
E:\cudaintergrated\cuda_test_project\cuda_newest\BNAPlatform-win64-cuda7.0-20151118\src\SmallWorldProperty\Release\link.write.1.tlog
E:\cudaintergrated\cuda_test_project\cuda_newest\BNAPlatform-win64-cuda7.0-20151118\src\SmallWorldProperty\Release\SmallWorldProperty.pch
E:\cudaintergrated\cuda_test_project\cuda_newest\BNAPlatform-win64-cuda7.0-20151118\src\SmallWorldProperty\Release\vc110.pdb
E:\cudaintergrated\cuda_test_project\cuda_newest\BNAPlatform-win64-cuda7.0-20151118\src\SmallWorldProperty\..\..\bin\SmallWorldProperty.exe
