E:\CUDAINTERGRATED\CUDA_TEST_PROJECT\CUDA_NEWEST\BNAPLATFORM-WIN64-CUDA7.0-20151118\SRC\LP\CUBFW_LP\CUBFW_LP\X64\RELEASE\TIMER.OBJ
E:\CUDAINTERGRATED\CUDA_TEST_PROJECT\CUDA_NEWEST\BNAPLATFORM-WIN64-CUDA7.0-20151118\SRC\LP\CUBFW_LP\CUBFW_LP\X64\RELEASE\MYTIMER.OBJ
E:\CUDAINTERGRATED\CUDA_TEST_PROJECT\CUDA_NEWEST\BNAPLATFORM-WIN64-CUDA7.0-20151118\SRC\LP\CUBFW_LP\CUBFW_LP\X64\RELEASE\MASLOV.OBJ
E:\CUDAINTERGRATED\CUDA_TEST_PROJECT\CUDA_NEWEST\BNAPLATFORM-WIN64-CUDA7.0-20151118\SRC\LP\CUBFW_LP\CUBFW_LP\X64\RELEASE\FORMBLOCK.OBJ
E:\CUDAINTERGRATED\CUDA_TEST_PROJECT\CUDA_NEWEST\BNAPLATFORM-WIN64-CUDA7.0-20151118\SRC\LP\CUBFW_LP\CUBFW_LP\X64\RELEASE\CUBFW_LP_MAIN.OBJ
E:\CUDAINTERGRATED\CUDA_TEST_PROJECT\CUDA_NEWEST\BNAPLATFORM-WIN64-CUDA7.0-20151118\SRC\LP\CUBFW_LP\CUBFW_LP\X64\RELEASE\CUBFW_LP.OBJ
E:\CUDAINTERGRATED\CUDA_TEST_PROJECT\CUDA_NEWEST\BNAPLATFORM-WIN64-CUDA7.0-20151118\SRC\LP\CUBFW_LP\CUBFW_LP\X64\RELEASE\CUBFW.OBJ
E:\CUDAINTERGRATED\CUDA_TEST_PROJECT\CUDA_NEWEST\BNAPLATFORM-WIN64-CUDA7.0-20151118\SRC\LP\CUBFW_LP\CUBFW_LP\X64\RELEASE\BFW.OBJ
E:\CUDAINTERGRATED\CUDA_TEST_PROJECT\CUDA_NEWEST\BNAPLATFORM-WIN64-CUDA7.0-20151118\SRC\LP\CUBFW_LP\CUBFW_LP\X64\RELEASE\APSP_BFS.OBJ
E:\CUDAINTERGRATED\CUDA_TEST_PROJECT\CUDA_NEWEST\BNAPLATFORM-WIN64-CUDA7.0-20151118\SRC\LP\CUBFW_LP\CUBFW_LP\X64\RELEASE\VC110.PDB
E:\CUDAINTERGRATED\CUDA_TEST_PROJECT\CUDA_NEWEST\BNAPLATFORM-WIN64-CUDA7.0-20151118\BIN\CUBFW_LP.EXE
E:\CUDAINTERGRATED\CUDA_TEST_PROJECT\CUDA_NEWEST\BNAPLATFORM-WIN64-CUDA7.0-20151118\BIN\CUBFW_LP.PDB
E:\cudaintergrated\cuda_test_project\cuda_newest\BNAPlatform-win64-cuda7.0-20151118\src\Lp\CUBFW_Lp\CUBFW_Lp\x64\Release\CUBFW_ph1.cu.cache
E:\cudaintergrated\cuda_test_project\cuda_newest\BNAPlatform-win64-cuda7.0-20151118\src\Lp\CUBFW_Lp\CUBFW_Lp\x64\Release\CUBFW_ph2.cu.cache
E:\cudaintergrated\cuda_test_project\cuda_newest\BNAPlatform-win64-cuda7.0-20151118\src\Lp\CUBFW_Lp\CUBFW_Lp\x64\Release\CUBFW_ph3.cu.cache
E:\cudaintergrated\cuda_test_project\cuda_newest\BNAPlatform-win64-cuda7.0-20151118\src\Lp\CUBFW_Lp\CUBFW_Lp\x64\Release\cuTranspose.cu.cache
E:\cudaintergrated\cuda_test_project\cuda_newest\BNAPlatform-win64-cuda7.0-20151118\src\Lp\CUBFW_Lp\CUBFW_Lp\x64\Release\APSP_BFS.obj
E:\cudaintergrated\cuda_test_project\cuda_newest\BNAPlatform-win64-cuda7.0-20151118\src\Lp\CUBFW_Lp\CUBFW_Lp\x64\Release\BFW.obj
E:\cudaintergrated\cuda_test_project\cuda_newest\BNAPlatform-win64-cuda7.0-20151118\src\Lp\CUBFW_Lp\CUBFW_Lp\x64\Release\CUBFW.obj
E:\cudaintergrated\cuda_test_project\cuda_newest\BNAPlatform-win64-cuda7.0-20151118\src\Lp\CUBFW_Lp\CUBFW_Lp\x64\Release\CUBFW_Lp.obj
E:\cudaintergrated\cuda_test_project\cuda_newest\BNAPlatform-win64-cuda7.0-20151118\src\Lp\CUBFW_Lp\CUBFW_Lp\x64\Release\CUBFW_Lp_main.obj
E:\cudaintergrated\cuda_test_project\cuda_newest\BNAPlatform-win64-cuda7.0-20151118\src\Lp\CUBFW_Lp\CUBFW_Lp\x64\Release\CUBFW_ph1.cu.obj
E:\cudaintergrated\cuda_test_project\cuda_newest\BNAPlatform-win64-cuda7.0-20151118\src\Lp\CUBFW_Lp\CUBFW_Lp\x64\Release\CUBFW_ph2.cu.obj
E:\cudaintergrated\cuda_test_project\cuda_newest\BNAPlatform-win64-cuda7.0-20151118\src\Lp\CUBFW_Lp\CUBFW_Lp\x64\Release\CUBFW_ph3.cu.obj
E:\cudaintergrated\cuda_test_project\cuda_newest\BNAPlatform-win64-cuda7.0-20151118\src\Lp\CUBFW_Lp\CUBFW_Lp\x64\Release\cuTranspose.cu.obj
E:\cudaintergrated\cuda_test_project\cuda_newest\BNAPlatform-win64-cuda7.0-20151118\src\Lp\CUBFW_Lp\CUBFW_Lp\x64\Release\FormBlock.obj
E:\cudaintergrated\cuda_test_project\cuda_newest\BNAPlatform-win64-cuda7.0-20151118\src\Lp\CUBFW_Lp\CUBFW_Lp\x64\Release\Maslov.obj
E:\cudaintergrated\cuda_test_project\cuda_newest\BNAPlatform-win64-cuda7.0-20151118\src\Lp\CUBFW_Lp\CUBFW_Lp\x64\Release\mytimer.obj
E:\cudaintergrated\cuda_test_project\cuda_newest\BNAPlatform-win64-cuda7.0-20151118\src\Lp\CUBFW_Lp\CUBFW_Lp\x64\Release\Timer.obj
E:\cudaintergrated\cuda_test_project\cuda_newest\BNAPlatform-win64-cuda7.0-20151118\src\Lp\CUBFW_Lp\CUBFW_Lp\x64\Release\cl.command.1.tlog
E:\cudaintergrated\cuda_test_project\cuda_newest\BNAPlatform-win64-cuda7.0-20151118\src\Lp\CUBFW_Lp\CUBFW_Lp\x64\Release\CL.read.1.tlog
E:\cudaintergrated\cuda_test_project\cuda_newest\BNAPlatform-win64-cuda7.0-20151118\src\Lp\CUBFW_Lp\CUBFW_Lp\x64\Release\CL.write.1.tlog
E:\cudaintergrated\cuda_test_project\cuda_newest\BNAPlatform-win64-cuda7.0-20151118\src\Lp\CUBFW_Lp\CUBFW_Lp\x64\Release\link-cvtres.read.1.tlog
E:\cudaintergrated\cuda_test_project\cuda_newest\BNAPlatform-win64-cuda7.0-20151118\src\Lp\CUBFW_Lp\CUBFW_Lp\x64\Release\link-cvtres.write.1.tlog
E:\cudaintergrated\cuda_test_project\cuda_newest\BNAPlatform-win64-cuda7.0-20151118\src\Lp\CUBFW_Lp\CUBFW_Lp\x64\Release\link-rc.read.1.tlog
E:\cudaintergrated\cuda_test_project\cuda_newest\BNAPlatform-win64-cuda7.0-20151118\src\Lp\CUBFW_Lp\CUBFW_Lp\x64\Release\link-rc.write.1.tlog
E:\cudaintergrated\cuda_test_project\cuda_newest\BNAPlatform-win64-cuda7.0-20151118\src\Lp\CUBFW_Lp\CUBFW_Lp\x64\Release\link.command.1.tlog
E:\cudaintergrated\cuda_test_project\cuda_newest\BNAPlatform-win64-cuda7.0-20151118\src\Lp\CUBFW_Lp\CUBFW_Lp\x64\Release\link.read.1.tlog
E:\cudaintergrated\cuda_test_project\cuda_newest\BNAPlatform-win64-cuda7.0-20151118\src\Lp\CUBFW_Lp\CUBFW_Lp\x64\Release\link.write.1.tlog
E:\cudaintergrated\cuda_test_project\cuda_newest\BNAPlatform-win64-cuda7.0-20151118\src\Lp\CUBFW_Lp\CUBFW_Lp\x64\Release\vc110.pdb
E:\cudaintergrated\cuda_test_project\cuda_newest\BNAPlatform-win64-cuda7.0-20151118\src\Lp\CUBFW_Lp\CUBFW_Lp\..\..\..\..\bin\CUBFW_Lp.exe
