生成启动时间为 2016/12/12 19:50:46。
     1>项目“E:\project\corMat_kandal\CuCorMat-scalability-cor-dense2csr\CuCorMat-scalability-cor-dense2csr.vcxproj”在节点 2 上(Build 个目标)。
     1>AddCudaCompileDeps:
         E:\softwareforwork\VS2012\VC\bin\cl.exe /E /nologo /showIncludes /TP /D__CUDACC__ /DWIN32 /D_DEBUG /D_CONSOLE /D_MBCS /I"C:\Program Files (x86)\Visual Leak Detector\include" /I"C:\Program Files\NVIDIA GPU Computing Toolkit\CUDA\v7.0\include" /I"C:\Program Files\NVIDIA GPU Computing Toolkit\CUDA\v7.0\bin" /I"C:\Program Files\NVIDIA GPU Computing Toolkit\CUDA\v7.0\include" /I. /FIcuda_runtime.h /c E:\project\corMat_kandal\CuCorMat-scalability-cor-dense2csr\CorMat.cu 
       CudaBuild:
         Compiling CUDA source file CorMat.cu...
         cmd.exe /C "C:\Users\Lerond\AppData\Local\Temp\tmpda72b67325ce41319f0ccd90b154714a.cmd"
         "C:\Program Files\NVIDIA GPU Computing Toolkit\CUDA\v7.0\bin\nvcc.exe" -gencode=arch=compute_20,code=\"sm_20,compute_20\" --use-local-env --cl-version 2012 -ccbin "E:\softwareforwork\VS2012\VC\bin"  -I"C:\Program Files (x86)\Visual Leak Detector\include" -I"C:\Program Files\NVIDIA GPU Computing Toolkit\CUDA\v7.0\include" -I"C:\Program Files\NVIDIA GPU Computing Toolkit\CUDA\v7.0\include"  -G   --keep-dir Debug -maxrregcount=0  --machine 32 --compile -cudart static  -g   -DWIN32 -D_DEBUG -D_CONSOLE -D_MBCS -Xcompiler "/EHsc /W3 /nologo /Od /Zi /RTC1 /MDd  " -o Debug\CorMat.cu.obj "E:\project\corMat_kandal\CuCorMat-scalability-cor-dense2csr\CorMat.cu"
         
         E:\project\corMat_kandal\CuCorMat-scalability-cor-dense2csr>"C:\Program Files\NVIDIA GPU Computing Toolkit\CUDA\v7.0\bin\nvcc.exe" -gencode=arch=compute_20,code=\"sm_20,compute_20\" --use-local-env --cl-version 2012 -ccbin "E:\softwareforwork\VS2012\VC\bin"  -I"C:\Program Files (x86)\Visual Leak Detector\include" -I"C:\Program Files\NVIDIA GPU Computing Toolkit\CUDA\v7.0\include" -I"C:\Program Files\NVIDIA GPU Computing Toolkit\CUDA\v7.0\include"  -G   --keep-dir Debug -maxrregcount=0  --machine 32 --compile -cudart static  -g   -DWIN32 -D_DEBUG -D_CONSOLE -D_MBCS -Xcompiler "/EHsc /W3 /nologo /Od /Zi /RTC1 /MDd  " -o Debug\CorMat.cu.obj "E:\project\corMat_kandal\CuCorMat-scalability-cor-dense2csr\CorMat.cu" 
     1>c:\program files\nvidia gpu computing toolkit\cuda\v7.0\include\math_functions.h : warning C4819: 该文件包含不能在当前代码页(936)中表示的字符。请将该文件保存为 Unicode 格式以防止数据丢失
     1>c:\program files\nvidia gpu computing toolkit\cuda\v7.0\include\math_functions.h(877): warning C4819: 该文件包含不能在当前代码页(936)中表示的字符。请将该文件保存为 Unicode 格式以防止数据丢失
     1>c:\program files\nvidia gpu computing toolkit\cuda\v7.0\include\math_functions.h(1850): warning C4819: 该文件包含不能在当前代码页(936)中表示的字符。请将该文件保存为 Unicode 格式以防止数据丢失
     1>c:\program files\nvidia gpu computing toolkit\cuda\v7.0\include\math_functions.h(2728): warning C4819: 该文件包含不能在当前代码页(936)中表示的字符。请将该文件保存为 Unicode 格式以防止数据丢失
     1>c:\program files\nvidia gpu computing toolkit\cuda\v7.0\include\math_functions.h(3651): warning C4819: 该文件包含不能在当前代码页(936)中表示的字符。请将该文件保存为 Unicode 格式以防止数据丢失
     1>c:\program files\nvidia gpu computing toolkit\cuda\v7.0\include\math_functions.h(4595): warning C4819: 该文件包含不能在当前代码页(936)中表示的字符。请将该文件保存为 Unicode 格式以防止数据丢失
     1>c:\program files\nvidia gpu computing toolkit\cuda\v7.0\include\math_functions.h(5521): warning C4819: 该文件包含不能在当前代码页(936)中表示的字符。请将该文件保存为 Unicode 格式以防止数据丢失
     1>c:\program files\nvidia gpu computing toolkit\cuda\v7.0\include\math_functions.h(6421): warning C4819: 该文件包含不能在当前代码页(936)中表示的字符。请将该文件保存为 Unicode 格式以防止数据丢失
     1>c:\program files\nvidia gpu computing toolkit\cuda\v7.0\include\math_functions.h(7314): warning C4819: 该文件包含不能在当前代码页(936)中表示的字符。请将该文件保存为 Unicode 格式以防止数据丢失
     1>c:\program files\nvidia gpu computing toolkit\cuda\v7.0\include\math_functions.h(8227): warning C4819: 该文件包含不能在当前代码页(936)中表示的字符。请将该文件保存为 Unicode 格式以防止数据丢失
     1>c:\program files\nvidia gpu computing toolkit\cuda\v7.0\include\device_functions.h : warning C4819: 该文件包含不能在当前代码页(936)中表示的字符。请将该文件保存为 Unicode 格式以防止数据丢失
     1>c:\program files\nvidia gpu computing toolkit\cuda\v7.0\include\device_functions.h(775): warning C4819: 该文件包含不能在当前代码页(936)中表示的字符。请将该文件保存为 Unicode 格式以防止数据丢失
     1>c:\program files\nvidia gpu computing toolkit\cuda\v7.0\include\device_functions.h(1632): warning C4819: 该文件包含不能在当前代码页(936)中表示的字符。请将该文件保存为 Unicode 格式以防止数据丢失
     1>c:\program files\nvidia gpu computing toolkit\cuda\v7.0\include\device_double_functions.h : warning C4819: 该文件包含不能在当前代码页(936)中表示的字符。请将该文件保存为 Unicode 格式以防止数据丢失
     1>E:/project/corMat_kandal/CuCorMat-scalability-cor-dense2csr/CorMat.cu(125): warning : variable "tempout" was declared but never referenced
     1>E:/project/corMat_kandal/CuCorMat-scalability-cor-dense2csr/CorMat.cu(387): warning : variable "index" was declared but never referenced
     1>c:\program files\nvidia gpu computing toolkit\cuda\v7.0\include\math_functions.h : warning C4819: 该文件包含不能在当前代码页(936)中表示的字符。请将该文件保存为 Unicode 格式以防止数据丢失
     1>c:\program files\nvidia gpu computing toolkit\cuda\v7.0\include\math_functions.h(877): warning C4819: 该文件包含不能在当前代码页(936)中表示的字符。请将该文件保存为 Unicode 格式以防止数据丢失
     1>c:\program files\nvidia gpu computing toolkit\cuda\v7.0\include\math_functions.h(1850): warning C4819: 该文件包含不能在当前代码页(936)中表示的字符。请将该文件保存为 Unicode 格式以防止数据丢失
     1>c:\program files\nvidia gpu computing toolkit\cuda\v7.0\include\math_functions.h(2728): warning C4819: 该文件包含不能在当前代码页(936)中表示的字符。请将该文件保存为 Unicode 格式以防止数据丢失
     1>c:\program files\nvidia gpu computing toolkit\cuda\v7.0\include\math_functions.h(3651): warning C4819: 该文件包含不能在当前代码页(936)中表示的字符。请将该文件保存为 Unicode 格式以防止数据丢失
     1>c:\program files\nvidia gpu computing toolkit\cuda\v7.0\include\math_functions.h(4595): warning C4819: 该文件包含不能在当前代码页(936)中表示的字符。请将该文件保存为 Unicode 格式以防止数据丢失
     1>c:\program files\nvidia gpu computing toolkit\cuda\v7.0\include\math_functions.h(5521): warning C4819: 该文件包含不能在当前代码页(936)中表示的字符。请将该文件保存为 Unicode 格式以防止数据丢失
     1>c:\program files\nvidia gpu computing toolkit\cuda\v7.0\include\math_functions.h(6421): warning C4819: 该文件包含不能在当前代码页(936)中表示的字符。请将该文件保存为 Unicode 格式以防止数据丢失
     1>c:\program files\nvidia gpu computing toolkit\cuda\v7.0\include\math_functions.h(7314): warning C4819: 该文件包含不能在当前代码页(936)中表示的字符。请将该文件保存为 Unicode 格式以防止数据丢失
     1>c:\program files\nvidia gpu computing toolkit\cuda\v7.0\include\math_functions.h(8227): warning C4819: 该文件包含不能在当前代码页(936)中表示的字符。请将该文件保存为 Unicode 格式以防止数据丢失
     1>c:\program files\nvidia gpu computing toolkit\cuda\v7.0\include\math_functions.h : warning C4819: 该文件包含不能在当前代码页(936)中表示的字符。请将该文件保存为 Unicode 格式以防止数据丢失
     1>c:\program files\nvidia gpu computing toolkit\cuda\v7.0\include\math_functions.h(877): warning C4819: 该文件包含不能在当前代码页(936)中表示的字符。请将该文件保存为 Unicode 格式以防止数据丢失
     1>c:\program files\nvidia gpu computing toolkit\cuda\v7.0\include\math_functions.h(1850): warning C4819: 该文件包含不能在当前代码页(936)中表示的字符。请将该文件保存为 Unicode 格式以防止数据丢失
     1>c:\program files\nvidia gpu computing toolkit\cuda\v7.0\include\math_functions.h(2728): warning C4819: 该文件包含不能在当前代码页(936)中表示的字符。请将该文件保存为 Unicode 格式以防止数据丢失
     1>c:\program files\nvidia gpu computing toolkit\cuda\v7.0\include\math_functions.h(3651): warning C4819: 该文件包含不能在当前代码页(936)中表示的字符。请将该文件保存为 Unicode 格式以防止数据丢失
     1>c:\program files\nvidia gpu computing toolkit\cuda\v7.0\include\math_functions.h(4595): warning C4819: 该文件包含不能在当前代码页(936)中表示的字符。请将该文件保存为 Unicode 格式以防止数据丢失
     1>c:\program files\nvidia gpu computing toolkit\cuda\v7.0\include\math_functions.h(5521): warning C4819: 该文件包含不能在当前代码页(936)中表示的字符。请将该文件保存为 Unicode 格式以防止数据丢失
     1>c:\program files\nvidia gpu computing toolkit\cuda\v7.0\include\math_functions.h(6421): warning C4819: 该文件包含不能在当前代码页(936)中表示的字符。请将该文件保存为 Unicode 格式以防止数据丢失
     1>c:\program files\nvidia gpu computing toolkit\cuda\v7.0\include\math_functions.h(7314): warning C4819: 该文件包含不能在当前代码页(936)中表示的字符。请将该文件保存为 Unicode 格式以防止数据丢失
     1>c:\program files\nvidia gpu computing toolkit\cuda\v7.0\include\math_functions.h(8227): warning C4819: 该文件包含不能在当前代码页(936)中表示的字符。请将该文件保存为 Unicode 格式以防止数据丢失
     1>c:\program files\nvidia gpu computing toolkit\cuda\v7.0\include\device_functions_decls.h : warning C4819: 该文件包含不能在当前代码页(936)中表示的字符。请将该文件保存为 Unicode 格式以防止数据丢失
     1>c:\program files\nvidia gpu computing toolkit\cuda\v7.0\include\device_functions_decls.h(917): warning C4819: 该文件包含不能在当前代码页(936)中表示的字符。请将该文件保存为 Unicode 格式以防止数据丢失
     1>c:\program files\nvidia gpu computing toolkit\cuda\v7.0\include\device_functions_decls.h(1921): warning C4819: 该文件包含不能在当前代码页(936)中表示的字符。请将该文件保存为 Unicode 格式以防止数据丢失
     1>c:\program files\nvidia gpu computing toolkit\cuda\v7.0\include\device_functions_decls.h(2857): warning C4819: 该文件包含不能在当前代码页(936)中表示的字符。请将该文件保存为 Unicode 格式以防止数据丢失
     1>c:\program files\nvidia gpu computing toolkit\cuda\v7.0\include\device_functions_decls.h(3802): warning C4819: 该文件包含不能在当前代码页(936)中表示的字符。请将该文件保存为 Unicode 格式以防止数据丢失
     1>c:\program files\nvidia gpu computing toolkit\cuda\v7.0\include\device_functions_decls.h(4747): warning C4819: 该文件包含不能在当前代码页(936)中表示的字符。请将该文件保存为 Unicode 格式以防止数据丢失
     1>c:\program files\nvidia gpu computing toolkit\cuda\v7.0\include\device_functions_decls.h(5772): warning C4819: 该文件包含不能在当前代码页(936)中表示的字符。请将该文件保存为 Unicode 格式以防止数据丢失
     1>c:\program files\nvidia gpu computing toolkit\cuda\v7.0\include\device_functions_decls.h(6719): warning C4819: 该文件包含不能在当前代码页(936)中表示的字符。请将该文件保存为 Unicode 格式以防止数据丢失
     1>c:\program files\nvidia gpu computing toolkit\cuda\v7.0\include\device_functions_decls.h(7652): warning C4819: 该文件包含不能在当前代码页(936)中表示的字符。请将该文件保存为 Unicode 格式以防止数据丢失
     1>c:\program files\nvidia gpu computing toolkit\cuda\v7.0\include\device_functions_decls.h(8526): warning C4819: 该文件包含不能在当前代码页(936)中表示的字符。请将该文件保存为 Unicode 格式以防止数据丢失
     1>c:\program files\nvidia gpu computing toolkit\cuda\v7.0\include\device_functions_decls.h(9492): warning C4819: 该文件包含不能在当前代码页(936)中表示的字符。请将该文件保存为 Unicode 格式以防止数据丢失
     1>c:\program files\nvidia gpu computing toolkit\cuda\v7.0\include\device_functions_decls.h(10478): warning C4819: 该文件包含不能在当前代码页(936)中表示的字符。请将该文件保存为 Unicode 格式以防止数据丢失
     1>c:\program files\nvidia gpu computing toolkit\cuda\v7.0\include\device_functions.h : warning C4819: 该文件包含不能在当前代码页(936)中表示的字符。请将该文件保存为 Unicode 格式以防止数据丢失
     1>c:\program files\nvidia gpu computing toolkit\cuda\v7.0\include\device_functions.h(775): warning C4819: 该文件包含不能在当前代码页(936)中表示的字符。请将该文件保存为 Unicode 格式以防止数据丢失
     1>c:\program files\nvidia gpu computing toolkit\cuda\v7.0\include\device_functions.h(1632): warning C4819: 该文件包含不能在当前代码页(936)中表示的字符。请将该文件保存为 Unicode 格式以防止数据丢失
     1>c:\program files\nvidia gpu computing toolkit\cuda\v7.0\include\device_double_functions.h : warning C4819: 该文件包含不能在当前代码页(936)中表示的字符。请将该文件保存为 Unicode 格式以防止数据丢失
     1>c:\program files\nvidia gpu computing toolkit\cuda\v7.0\include\math_functions.h : warning C4819: 该文件包含不能在当前代码页(936)中表示的字符。请将该文件保存为 Unicode 格式以防止数据丢失
     1>c:\program files\nvidia gpu computing toolkit\cuda\v7.0\include\math_functions.h(877): warning C4819: 该文件包含不能在当前代码页(936)中表示的字符。请将该文件保存为 Unicode 格式以防止数据丢失
     1>c:\program files\nvidia gpu computing toolkit\cuda\v7.0\include\math_functions.h(1850): warning C4819: 该文件包含不能在当前代码页(936)中表示的字符。请将该文件保存为 Unicode 格式以防止数据丢失
     1>c:\program files\nvidia gpu computing toolkit\cuda\v7.0\include\math_functions.h(2728): warning C4819: 该文件包含不能在当前代码页(936)中表示的字符。请将该文件保存为 Unicode 格式以防止数据丢失
     1>c:\program files\nvidia gpu computing toolkit\cuda\v7.0\include\math_functions.h(3651): warning C4819: 该文件包含不能在当前代码页(936)中表示的字符。请将该文件保存为 Unicode 格式以防止数据丢失
     1>c:\program files\nvidia gpu computing toolkit\cuda\v7.0\include\math_functions.h(4595): warning C4819: 该文件包含不能在当前代码页(936)中表示的字符。请将该文件保存为 Unicode 格式以防止数据丢失
     1>c:\program files\nvidia gpu computing toolkit\cuda\v7.0\include\math_functions.h(5521): warning C4819: 该文件包含不能在当前代码页(936)中表示的字符。请将该文件保存为 Unicode 格式以防止数据丢失
     1>c:\program files\nvidia gpu computing toolkit\cuda\v7.0\include\math_functions.h(6421): warning C4819: 该文件包含不能在当前代码页(936)中表示的字符。请将该文件保存为 Unicode 格式以防止数据丢失
     1>c:\program files\nvidia gpu computing toolkit\cuda\v7.0\include\math_functions.h(7314): warning C4819: 该文件包含不能在当前代码页(936)中表示的字符。请将该文件保存为 Unicode 格式以防止数据丢失
     1>c:\program files\nvidia gpu computing toolkit\cuda\v7.0\include\math_functions.h(8227): warning C4819: 该文件包含不能在当前代码页(936)中表示的字符。请将该文件保存为 Unicode 格式以防止数据丢失
     1>c:\program files\nvidia gpu computing toolkit\cuda\v7.0\include\device_functions.h : warning C4819: 该文件包含不能在当前代码页(936)中表示的字符。请将该文件保存为 Unicode 格式以防止数据丢失
     1>c:\program files\nvidia gpu computing toolkit\cuda\v7.0\include\device_functions.h(775): warning C4819: 该文件包含不能在当前代码页(936)中表示的字符。请将该文件保存为 Unicode 格式以防止数据丢失
     1>c:\program files\nvidia gpu computing toolkit\cuda\v7.0\include\device_functions.h(1632): warning C4819: 该文件包含不能在当前代码页(936)中表示的字符。请将该文件保存为 Unicode 格式以防止数据丢失
     1>c:\program files\nvidia gpu computing toolkit\cuda\v7.0\include\device_double_functions.h : warning C4819: 该文件包含不能在当前代码页(936)中表示的字符。请将该文件保存为 Unicode 格式以防止数据丢失
     1>E:/project/corMat_kandal/CuCorMat-scalability-cor-dense2csr/CorMat.cu(125): warning : variable "tempout" was declared but never referenced
     1>E:/project/corMat_kandal/CuCorMat-scalability-cor-dense2csr/CorMat.cu(387): warning : variable "index" was declared but never referenced
     1>c:\program files\nvidia gpu computing toolkit\cuda\v7.0\include\math_functions.h : warning C4819: 该文件包含不能在当前代码页(936)中表示的字符。请将该文件保存为 Unicode 格式以防止数据丢失
     1>c:\program files\nvidia gpu computing toolkit\cuda\v7.0\include\math_functions.h(877): warning C4819: 该文件包含不能在当前代码页(936)中表示的字符。请将该文件保存为 Unicode 格式以防止数据丢失
     1>c:\program files\nvidia gpu computing toolkit\cuda\v7.0\include\math_functions.h(1850): warning C4819: 该文件包含不能在当前代码页(936)中表示的字符。请将该文件保存为 Unicode 格式以防止数据丢失
     1>c:\program files\nvidia gpu computing toolkit\cuda\v7.0\include\math_functions.h(2728): warning C4819: 该文件包含不能在当前代码页(936)中表示的字符。请将该文件保存为 Unicode 格式以防止数据丢失
     1>c:\program files\nvidia gpu computing toolkit\cuda\v7.0\include\math_functions.h(3651): warning C4819: 该文件包含不能在当前代码页(936)中表示的字符。请将该文件保存为 Unicode 格式以防止数据丢失
     1>c:\program files\nvidia gpu computing toolkit\cuda\v7.0\include\math_functions.h(4595): warning C4819: 该文件包含不能在当前代码页(936)中表示的字符。请将该文件保存为 Unicode 格式以防止数据丢失
     1>c:\program files\nvidia gpu computing toolkit\cuda\v7.0\include\math_functions.h(5521): warning C4819: 该文件包含不能在当前代码页(936)中表示的字符。请将该文件保存为 Unicode 格式以防止数据丢失
     1>c:\program files\nvidia gpu computing toolkit\cuda\v7.0\include\math_functions.h(6421): warning C4819: 该文件包含不能在当前代码页(936)中表示的字符。请将该文件保存为 Unicode 格式以防止数据丢失
     1>c:\program files\nvidia gpu computing toolkit\cuda\v7.0\include\math_functions.h(7314): warning C4819: 该文件包含不能在当前代码页(936)中表示的字符。请将该文件保存为 Unicode 格式以防止数据丢失
     1>c:\program files\nvidia gpu computing toolkit\cuda\v7.0\include\math_functions.h(8227): warning C4819: 该文件包含不能在当前代码页(936)中表示的字符。请将该文件保存为 Unicode 格式以防止数据丢失
         CorMat.cu
     1>E:/project/corMat_kandal/CuCorMat-scalability-cor-dense2csr/CorMat.cu(125): warning C4101: “tempout”: 未引用的局部变量
     1>E:/project/corMat_kandal/CuCorMat-scalability-cor-dense2csr/CorMat.cu(395): warning C4244: “return”: 从“cudaError_t”转换到“real__t”，可能丢失数据
     1>E:/project/corMat_kandal/CuCorMat-scalability-cor-dense2csr/CorMat.cu(397): warning C4244: “初始化”: 从“__int64”转换到“int”，可能丢失数据
     1>E:/project/corMat_kandal/CuCorMat-scalability-cor-dense2csr/CorMat.cu(412): warning C4244: “return”: 从“cublasStatus_t”转换到“real__t”，可能丢失数据
     1>E:/project/corMat_kandal/CuCorMat-scalability-cor-dense2csr/CorMat.cu(419): warning C4244: “=”: 从“double”转换到“real__t”，可能丢失数据
     1>E:/project/corMat_kandal/CuCorMat-scalability-cor-dense2csr/CorMat.cu(423): warning C4244: “初始化”: 从“__int64”转换到“int”，可能丢失数据
     1>E:/project/corMat_kandal/CuCorMat-scalability-cor-dense2csr/CorMat.cu(433): warning C4244: “return”: 从“cublasStatus_t”转换到“real__t”，可能丢失数据
     1>E:/project/corMat_kandal/CuCorMat-scalability-cor-dense2csr/CorMat.cu(436): warning C4244: “return”: 从“cublasStatus_t”转换到“real__t”，可能丢失数据
     1>E:/project/corMat_kandal/CuCorMat-scalability-cor-dense2csr/CorMat.cu(387): warning C4101: “index”: 未引用的局部变量
     1>E:/project/corMat_kandal/CuCorMat-scalability-cor-dense2csr/CorMat.cu(470): warning C4244: “参数”: 从“__int64”转换到“size_t”，可能丢失数据
     1>E:/project/corMat_kandal/CuCorMat-scalability-cor-dense2csr/CorMat.cu(478): warning C4244: “初始化”: 从“__int64”转换到“int”，可能丢失数据
     1>E:/project/corMat_kandal/CuCorMat-scalability-cor-dense2csr/CorMat.cu(486): warning C4244: “参数”: 从“__int64”转换到“int”，可能丢失数据
     1>E:/project/corMat_kandal/CuCorMat-scalability-cor-dense2csr/CorMat.cu(487): warning C4244: “参数”: 从“__int64”转换到“int”，可能丢失数据
     1>E:/project/corMat_kandal/CuCorMat-scalability-cor-dense2csr/CorMat.cu(493): warning C4244: “参数”: 从“__int64”转换到“int”，可能丢失数据
     1>E:/project/corMat_kandal/CuCorMat-scalability-cor-dense2csr/CorMat.cu(494): warning C4244: “参数”: 从“__int64”转换到“int”，可能丢失数据
       Link:
         E:\softwareforwork\VS2012\VC\bin\link.exe /ERRORREPORT:PROMPT /OUT:"E:\project\corMat_kandal\CuCorMat-scalability-cor-dense2csr\Debug\CuCorMat-sca-kendall.exe" /INCREMENTAL /NOLOGO /LIBPATH:"C:\Program Files (x86)\Visual Leak Detector\lib\Win32" /LIBPATH:"C:\Program Files\NVIDIA GPU Computing Toolkit\CUDA\v7.0\lib\Win32" cudart.lib kernel32.lib user32.lib gdi32.lib winspool.lib comdlg32.lib advapi32.lib shell32.lib ole32.lib oleaut32.lib uuid.lib odbc32.lib odbccp32.lib kernel32.lib user32.lib gdi32.lib winspool.lib comdlg32.lib advapi32.lib shell32.lib ole32.lib oleaut32.lib uuid.lib odbc32.lib odbccp32.lib /MANIFEST /MANIFESTUAC:"level='asInvoker' uiAccess='false'" /manifest:embed /DEBUG /PDB:"E:\project\corMat_kandal\CuCorMat-scalability-cor-dense2csr\Debug\CuCorMat-sca-kendall.pdb" /SUBSYSTEM:CONSOLE /TLBID:1 /DYNAMICBASE /NXCOMPAT /IMPLIB:"E:\project\corMat_kandal\CuCorMat-scalability-cor-dense2csr\Debug\CuCorMat-sca-kendall.lib" /MACHINE:X86 Debug\CorMat.cu.obj
         Debug\CorMat.obj
     1>CorMat.cu.obj : error LNK2019: 无法解析的外部符号 _cublasCreate_v2@4，该符号在函数 "int __cdecl CorMat_gpu(float *,float *,int,int,int,float *)" (?CorMat_gpu@@YAHPAM0HHH0@Z) 中被引用
     1>CorMat.cu.obj : error LNK2019: 无法解析的外部符号 _cublasDestroy_v2@4，该符号在函数 "int __cdecl CorMat_gpu(float *,float *,int,int,int,float *)" (?CorMat_gpu@@YAHPAM0HHH0@Z) 中被引用
     1>CorMat.cu.obj : error LNK2019: 无法解析的外部符号 _cublasSetVector@24，该符号在函数 "float __cdecl select_GPU(float *,__int64,__int64)" (?select_GPU@@YAMPAM_J1@Z) 中被引用
     1>CorMat.cu.obj : error LNK2019: 无法解析的外部符号 _cublasSetMatrix@28，该符号在函数 "int __cdecl CorMat_gpu(float *,float *,int,int,int,float *)" (?CorMat_gpu@@YAHPAM0HHH0@Z) 中被引用
     1>CorMat.cu.obj : error LNK2019: 无法解析的外部符号 _cublasIsamax_v2@20，该符号在函数 "__int64 __cdecl find_max(float *,__int64)" (?find_max@@YA_JPAM_J@Z) 中被引用
     1>CorMat.cu.obj : error LNK2019: 无法解析的外部符号 _cublasDasum_v2@20，该符号在函数 "float __cdecl select_GPU(float *,__int64,__int64)" (?select_GPU@@YAMPAM_J1@Z) 中被引用
     1>CorMat.cu.obj : error LNK2019: 无法解析的外部符号 _cublasSgemm_v2@56，该符号在函数 "int __cdecl CorMat_gpu(float *,float *,int,int,int,float *)" (?CorMat_gpu@@YAHPAM0HHH0@Z) 中被引用
     1>E:\project\corMat_kandal\CuCorMat-scalability-cor-dense2csr\Debug\CuCorMat-sca-kendall.exe : fatal error LNK1120: 7 个无法解析的外部命令
     1>已完成生成项目“E:\project\corMat_kandal\CuCorMat-scalability-cor-dense2csr\CuCorMat-scalability-cor-dense2csr.vcxproj”(Build 个目标)的操作 - 失败。

生成失败。

已用时间 00:00:08.92
