E:\PROJECT\CORMAT_KANDAL\CUCORMAT-SCALABILITY-COR-DENSE2CSR\DEBUG\CORMAT-COR-DENSE2CSR.OBJ
E:\PROJECT\CORMAT_KANDAL\CUCORMAT-SCALABILITY-COR-DENSE2CSR\DEBUG\CORMAT.OBJ
E:\PROJECT\CORMAT_KANDAL\CUCORMAT-SCALABILITY-COR-DENSE2CSR\DEBUG\CORMAT_CPU.OBJ
E:\PROJECT\CORMAT_KANDAL\CUCORMAT-SCALABILITY-COR-DENSE2CSR\DEBUG\VC110.PDB
E:\project\corMat_kandal\CuCorMat-scalability-cor-dense2csr\Debug\CorMat-cor-dense2csr.cu.cache
E:\project\corMat_kandal\CuCorMat-scalability-cor-dense2csr\Debug\CorMat-cor-spa2rth.cu.cache
E:\project\corMat_kandal\CuCorMat-scalability-cor-dense2csr\Debug\CorMat.cu.cache
E:\project\corMat_kandal\CuCorMat-scalability-cor-dense2csr\Debug\CorMat-cor-dense2csr.cu.obj
E:\project\corMat_kandal\CuCorMat-scalability-cor-dense2csr\Debug\CorMat-cor-dense2csr.obj
E:\project\corMat_kandal\CuCorMat-scalability-cor-dense2csr\Debug\CorMat-cor-spa2rth.cu.obj
E:\project\corMat_kandal\CuCorMat-scalability-cor-dense2csr\Debug\CorMat.cu.obj
E:\project\corMat_kandal\CuCorMat-scalability-cor-dense2csr\Debug\CorMat.obj
E:\project\corMat_kandal\CuCorMat-scalability-cor-dense2csr\Debug\CorMat_CPU.obj
E:\project\corMat_kandal\CuCorMat-scalability-cor-dense2csr\Debug\cl.command.1.tlog
E:\project\corMat_kandal\CuCorMat-scalability-cor-dense2csr\Debug\CL.read.1.tlog
E:\project\corMat_kandal\CuCorMat-scalability-cor-dense2csr\Debug\CL.write.1.tlog
E:\project\corMat_kandal\CuCorMat-scalability-cor-dense2csr\Debug\link.command.1.tlog
E:\project\corMat_kandal\CuCorMat-scalability-cor-dense2csr\Debug\link.read.1.tlog
E:\project\corMat_kandal\CuCorMat-scalability-cor-dense2csr\Debug\link.write.1.tlog
E:\project\corMat_kandal\CuCorMat-scalability-cor-dense2csr\Debug\vc110.idb
E:\project\corMat_kandal\CuCorMat-scalability-cor-dense2csr\Debug\vc110.pdb
