E:\CUDAINTERGRATED\CUDA_TEST_PROJECT\CUDA_NEWEST\BNAPLATFORM-WIN64-CUDA7.0-20151118\SRC\LOUVAIN_MODULARITY\LOUVAIN_MODULARITY\RELEASE\TIMER.OBJ
E:\CUDAINTERGRATED\CUDA_TEST_PROJECT\CUDA_NEWEST\BNAPLATFORM-WIN64-CUDA7.0-20151118\SRC\LOUVAIN_MODULARITY\LOUVAIN_MODULARITY\RELEASE\MASLOV.OBJ
E:\CUDAINTERGRATED\CUDA_TEST_PROJECT\CUDA_NEWEST\BNAPLATFORM-WIN64-CUDA7.0-20151118\SRC\LOUVAIN_MODULARITY\LOUVAIN_MODULARITY\RELEASE\L_MODULARITY_CPU.OBJ
E:\CUDAINTERGRATED\CUDA_TEST_PROJECT\CUDA_NEWEST\BNAPLATFORM-WIN64-CUDA7.0-20151118\SRC\LOUVAIN_MODULARITY\LOUVAIN_MODULARITY\RELEASE\VC110.PDB
E:\CUDAINTERGRATED\CUDA_TEST_PROJECT\CUDA_NEWEST\BNAPLATFORM-WIN64-CUDA7.0-20151118\SRC\RELEASE\LOUVAIN_MODULARITY.EXE
E:\CUDAINTERGRATED\CUDA_TEST_PROJECT\CUDA_NEWEST\BNAPLATFORM-WIN64-CUDA7.0-20151118\SRC\RELEASE\LOUVAIN_MODULARITY.PDB
E:\cudaintergrated\cuda_test_project\cuda_newest\BNAPlatform-win64-cuda7.0-20151118\src\Louvain_Modularity\Louvain_Modularity\Release\L_Modularity_CPU.obj
E:\cudaintergrated\cuda_test_project\cuda_newest\BNAPlatform-win64-cuda7.0-20151118\src\Louvain_Modularity\Louvain_Modularity\Release\Maslov.obj
E:\cudaintergrated\cuda_test_project\cuda_newest\BNAPlatform-win64-cuda7.0-20151118\src\Louvain_Modularity\Louvain_Modularity\Release\Timer.obj
E:\cudaintergrated\cuda_test_project\cuda_newest\BNAPlatform-win64-cuda7.0-20151118\src\Louvain_Modularity\Louvain_Modularity\Release\cl.command.1.tlog
E:\cudaintergrated\cuda_test_project\cuda_newest\BNAPlatform-win64-cuda7.0-20151118\src\Louvain_Modularity\Louvain_Modularity\Release\CL.read.1.tlog
E:\cudaintergrated\cuda_test_project\cuda_newest\BNAPlatform-win64-cuda7.0-20151118\src\Louvain_Modularity\Louvain_Modularity\Release\CL.write.1.tlog
E:\cudaintergrated\cuda_test_project\cuda_newest\BNAPlatform-win64-cuda7.0-20151118\src\Louvain_Modularity\Louvain_Modularity\Release\link-cvtres.read.1.tlog
E:\cudaintergrated\cuda_test_project\cuda_newest\BNAPlatform-win64-cuda7.0-20151118\src\Louvain_Modularity\Louvain_Modularity\Release\link-cvtres.write.1.tlog
E:\cudaintergrated\cuda_test_project\cuda_newest\BNAPlatform-win64-cuda7.0-20151118\src\Louvain_Modularity\Louvain_Modularity\Release\link-rc.read.1.tlog
E:\cudaintergrated\cuda_test_project\cuda_newest\BNAPlatform-win64-cuda7.0-20151118\src\Louvain_Modularity\Louvain_Modularity\Release\link-rc.write.1.tlog
E:\cudaintergrated\cuda_test_project\cuda_newest\BNAPlatform-win64-cuda7.0-20151118\src\Louvain_Modularity\Louvain_Modularity\Release\link.command.1.tlog
E:\cudaintergrated\cuda_test_project\cuda_newest\BNAPlatform-win64-cuda7.0-20151118\src\Louvain_Modularity\Louvain_Modularity\Release\link.read.1.tlog
E:\cudaintergrated\cuda_test_project\cuda_newest\BNAPlatform-win64-cuda7.0-20151118\src\Louvain_Modularity\Louvain_Modularity\Release\link.write.1.tlog
E:\cudaintergrated\cuda_test_project\cuda_newest\BNAPlatform-win64-cuda7.0-20151118\src\Louvain_Modularity\Louvain_Modularity\Release\vc110.pdb
E:\cudaintergrated\cuda_test_project\cuda_newest\BNAPlatform-win64-cuda7.0-20151118\src\Release\Louvain_Modularity.pdb
E:\cudaintergrated\cuda_test_project\cuda_newest\BNAPlatform-win64-cuda7.0-20151118\src\Release\Louvain_Modularity.exe
