生成启动时间为 2015/12/5 12:13:07。
     1>项目“E:\cudaintergrated\cuda_test_project\cuda_newest\BNAPlatform-win64-cuda7.0-20151118\src\Louvain_Modularity\Louvain_Modularity\Louvain_Modularity.vcxproj”在节点 7 上(Rebuild 个目标)。
     1>_PrepareForClean:
         正在删除文件“Release\Louvain_Modularity.lastbuildstate”。
       InitializeBuildStatus:
         正在创建“Release\Louvain_Modularity.unsuccessfulbuild”，因为已指定“AlwaysCreate”。
       ClCompile:
         E:\Program Files (x86)\Microsoft Visual Studio 11.0\VC\bin\CL.exe /c /I..\..\common /Zi /nologo /W3 /WX- /O2 /Oi /Oy- /GL /D _MBCS /Gm- /EHsc /MD /GS /Gy /fp:precise /Zc:wchar_t /Zc:forScope /Fo"Release\\" /Fd"Release\vc110.pdb" /Gd /TP /analyze- /errorReport:prompt L_Modularity_CPU.cpp Maslov.cpp Timer.cpp
         L_Modularity_CPU.cpp
     1>L_Modularity_CPU.cpp(105): warning C4244: “初始化”: 从“__int64”转换到“unsigned int”，可能丢失数据
     1>L_Modularity_CPU.cpp(106): warning C4244: “参数”: 从“__int64”转换到“size_t”，可能丢失数据
     1>L_Modularity_CPU.cpp(113): warning C4244: “=”: 从“double”转换到“real_t”，可能丢失数据
     1>L_Modularity_CPU.cpp(118): warning C4244: “初始化”: 从“__int64”转换到“unsigned int”，可能丢失数据
     1>L_Modularity_CPU.cpp(119): warning C4244: “参数”: 从“__int64”转换到“size_t”，可能丢失数据
     1>L_Modularity_CPU.cpp(129): warning C4244: “初始化”: 从“__int64”转换到“unsigned int”，可能丢失数据
     1>L_Modularity_CPU.cpp(130): warning C4244: “参数”: 从“__int64”转换到“size_t”，可能丢失数据
     1>L_Modularity_CPU.cpp(132): warning C4244: “初始化”: 从“__int64”转换到“unsigned int”，可能丢失数据
     1>L_Modularity_CPU.cpp(136): warning C4244: “初始化”: 从“__int64”转换到“unsigned int”，可能丢失数据
     1>L_Modularity_CPU.cpp(140): warning C4244: “初始化”: 从“__int64”转换到“unsigned int”，可能丢失数据
     1>L_Modularity_CPU.cpp(148): warning C4244: “初始化”: 从“__int64”转换到“unsigned int”，可能丢失数据
     1>L_Modularity_CPU.cpp(151): warning C4244: “参数”: 从“__int64”转换到“int”，可能丢失数据
     1>L_Modularity_CPU.cpp(179): warning C4244: “参数”: 从“__int64”转换到“int”，可能丢失数据
     1>L_Modularity_CPU.cpp(205): warning C4244: “参数”: 从“__int64”转换到“int”，可能丢失数据
     1>L_Modularity_CPU.cpp(216): warning C4244: “初始化”: 从“__int64”转换到“unsigned int”，可能丢失数据
     1>L_Modularity_CPU.cpp(217): warning C4244: “参数”: 从“__int64”转换到“size_t”，可能丢失数据
     1>L_Modularity_CPU.cpp(236): warning C4244: “初始化”: 从“__int64”转换到“unsigned int”，可能丢失数据
     1>L_Modularity_CPU.cpp(237): warning C4244: “参数”: 从“__int64”转换到“size_t”，可能丢失数据
     1>L_Modularity_CPU.cpp(275): warning C4244: “初始化”: 从“__int64”转换到“unsigned int”，可能丢失数据
     1>L_Modularity_CPU.cpp(276): warning C4244: “参数”: 从“__int64”转换到“size_t”，可能丢失数据
     1>L_Modularity_CPU.cpp(285): warning C4244: “初始化”: 从“__int64”转换到“unsigned int”，可能丢失数据
     1>L_Modularity_CPU.cpp(286): warning C4244: “参数”: 从“__int64”转换到“size_t”，可能丢失数据
     1>L_Modularity_CPU.cpp(289): warning C4244: “初始化”: 从“__int64”转换到“unsigned int”，可能丢失数据
     1>L_Modularity_CPU.cpp(290): warning C4244: “参数”: 从“__int64”转换到“size_t”，可能丢失数据
     1>L_Modularity_CPU.cpp(292): warning C4244: “初始化”: 从“__int64”转换到“unsigned int”，可能丢失数据
     1>L_Modularity_CPU.cpp(296): warning C4244: “初始化”: 从“__int64”转换到“unsigned int”，可能丢失数据
     1>L_Modularity_CPU.cpp(300): warning C4244: “初始化”: 从“__int64”转换到“unsigned int”，可能丢失数据
     1>L_Modularity_CPU.cpp(311): warning C4244: “初始化”: 从“__int64”转换到“unsigned int”，可能丢失数据
     1>L_Modularity_CPU.cpp(422): warning C4244: “初始化”: 从“__int64”转换到“unsigned int”，可能丢失数据
     1>L_Modularity_CPU.cpp(423): warning C4244: “参数”: 从“__int64”转换到“size_t”，可能丢失数据
     1>L_Modularity_CPU.cpp(431): warning C4244: “初始化”: 从“__int64”转换到“unsigned int”，可能丢失数据
     1>L_Modularity_CPU.cpp(432): warning C4244: “参数”: 从“__int64”转换到“size_t”，可能丢失数据
     1>L_Modularity_CPU.cpp(445): warning C4244: “初始化”: 从“__int64”转换到“unsigned int”，可能丢失数据
     1>L_Modularity_CPU.cpp(450): warning C4244: “初始化”: 从“__int64”转换到“unsigned int”，可能丢失数据
     1>L_Modularity_CPU.cpp(454): warning C4244: “初始化”: 从“__int64”转换到“unsigned int”，可能丢失数据
     1>L_Modularity_CPU.cpp(465): warning C4244: “初始化”: 从“__int64”转换到“unsigned int”，可能丢失数据
     1>L_Modularity_CPU.cpp(468): warning C4244: “参数”: 从“__int64”转换到“int”，可能丢失数据
     1>L_Modularity_CPU.cpp(496): warning C4244: “参数”: 从“__int64”转换到“int”，可能丢失数据
     1>L_Modularity_CPU.cpp(527): warning C4244: “参数”: 从“__int64”转换到“int”，可能丢失数据
     1>L_Modularity_CPU.cpp(538): warning C4244: “初始化”: 从“__int64”转换到“unsigned int”，可能丢失数据
     1>L_Modularity_CPU.cpp(539): warning C4244: “参数”: 从“__int64”转换到“size_t”，可能丢失数据
     1>L_Modularity_CPU.cpp(553): warning C4244: “初始化”: 从“__int64”转换到“unsigned int”，可能丢失数据
     1>L_Modularity_CPU.cpp(554): warning C4244: “参数”: 从“__int64”转换到“size_t”，可能丢失数据
     1>L_Modularity_CPU.cpp(603): warning C4244: “=”: 从“__int64”转换到“int”，可能丢失数据
     1>L_Modularity_CPU.cpp(639): warning C4244: “=”: 从“__int64”转换到“int”，可能丢失数据
     1>L_Modularity_CPU.cpp(710): warning C4244: “初始化”: 从“__int64”转换到“unsigned int”，可能丢失数据
     1>L_Modularity_CPU.cpp(711): warning C4244: “参数”: 从“__int64”转换到“size_t”，可能丢失数据
     1>L_Modularity_CPU.cpp(723): warning C4244: “初始化”: 从“__int64”转换到“unsigned int”，可能丢失数据
     1>L_Modularity_CPU.cpp(724): warning C4244: “参数”: 从“__int64”转换到“size_t”，可能丢失数据
     1>L_Modularity_CPU.cpp(726): warning C4244: “初始化”: 从“__int64”转换到“unsigned int”，可能丢失数据
     1>L_Modularity_CPU.cpp(745): warning C4244: “初始化”: 从“__int64”转换到“unsigned int”，可能丢失数据
     1>L_Modularity_CPU.cpp(763): warning C4244: “初始化”: 从“__int64”转换到“unsigned int”，可能丢失数据
     1>L_Modularity_CPU.cpp(794): warning C4244: “初始化”: 从“__int64”转换到“unsigned int”，可能丢失数据
     1>L_Modularity_CPU.cpp(804): warning C4244: “初始化”: 从“__int64”转换到“unsigned int”，可能丢失数据
     1>L_Modularity_CPU.cpp(810): warning C4244: “参数”: 从“__int64”转换到“int”，可能丢失数据
     1>L_Modularity_CPU.cpp(811): warning C4244: “初始化”: 从“__int64”转换到“unsigned int”，可能丢失数据
     1>L_Modularity_CPU.cpp(812): warning C4244: “参数”: 从“__int64”转换到“size_t”，可能丢失数据
         Maslov.cpp
     1>Maslov.cpp(20): warning C4244: “参数”: 从“time_t”转换到“unsigned int”，可能丢失数据
         Timer.cpp
       Link:
         E:\Program Files (x86)\Microsoft Visual Studio 11.0\VC\bin\link.exe /ERRORREPORT:PROMPT /OUT:"E:\cudaintergrated\cuda_test_project\cuda_newest\BNAPlatform-win64-cuda7.0-20151118\src\Release\Louvain_Modularity.exe" /NOLOGO kernel32.lib user32.lib gdi32.lib winspool.lib comdlg32.lib advapi32.lib shell32.lib ole32.lib oleaut32.lib uuid.lib odbc32.lib odbccp32.lib /MANIFEST /MANIFESTUAC:"level='asInvoker' uiAccess='false'" /manifest:embed /DEBUG /PDB:"E:\cudaintergrated\cuda_test_project\cuda_newest\BNAPlatform-win64-cuda7.0-20151118\src\Release\Louvain_Modularity.pdb" /OPT:REF /OPT:ICF /LTCG /TLBID:1 /DYNAMICBASE /NXCOMPAT /IMPLIB:"E:\cudaintergrated\cuda_test_project\cuda_newest\BNAPlatform-win64-cuda7.0-20151118\src\Release\Louvain_Modularity.lib" /MACHINE:X86 /SAFESEH Release\L_Modularity_CPU.obj
         Release\Maslov.obj
         Release\Timer.obj
         正在生成代码
         已完成代码的生成
         Louvain_Modularity.vcxproj -> E:\cudaintergrated\cuda_test_project\cuda_newest\BNAPlatform-win64-cuda7.0-20151118\src\Release\Louvain_Modularity.exe
       FinalizeBuildStatus:
         正在删除文件“Release\Louvain_Modularity.unsuccessfulbuild”。
         正在对“Release\Louvain_Modularity.lastbuildstate”执行 Touch 任务。
     1>已完成生成项目“E:\cudaintergrated\cuda_test_project\cuda_newest\BNAPlatform-win64-cuda7.0-20151118\src\Louvain_Modularity\Louvain_Modularity\Louvain_Modularity.vcxproj”(Rebuild 个目标)的操作。

生成成功。

已用时间 00:00:05.84
