E:\REVISED\PAGANI-TOOLKIT-MASTER\PAGANI-TOOLKIT-MASTER\SRC\BNAPLATFORM-WEIGHTED-NETWORK-WIN64-CUDA7.0-20151118\SRC\CORMAT\CUCORMAT\CUCORMAT\X64\RELEASE\CORMAT.OBJ
E:\REVISED\PAGANI-TOOLKIT-MASTER\PAGANI-TOOLKIT-MASTER\SRC\BNAPLATFORM-WEIGHTED-NETWORK-WIN64-CUDA7.0-20151118\SRC\CORMAT\CUCORMAT\CUCORMAT\X64\RELEASE\VC110.PDB
E:\REVISED\PAGANI-TOOLKIT-MASTER\PAGANI-TOOLKIT-MASTER\SRC\BNAPLATFORM-WEIGHTED-NETWORK-WIN64-CUDA7.0-20151118\BIN\CUCORMAT.EXE
E:\REVISED\PAGANI-TOOLKIT-MASTER\PAGANI-TOOLKIT-MASTER\SRC\BNAPLATFORM-WEIGHTED-NETWORK-WIN64-CUDA7.0-20151118\BIN\CUCORMAT.PDB
E:\revised\PAGANI-toolkit-master\PAGANI-toolkit-master\src\BNAPlatform-weighted-network-win64-cuda7.0-20151118\src\CorMat\CUCorMat\CUCorMat\x64\Release\CorMat.cu.cache
E:\revised\PAGANI-toolkit-master\PAGANI-toolkit-master\src\BNAPlatform-weighted-network-win64-cuda7.0-20151118\src\CorMat\CUCorMat\CUCorMat\x64\Release\CorMat.cu.obj
E:\revised\PAGANI-toolkit-master\PAGANI-toolkit-master\src\BNAPlatform-weighted-network-win64-cuda7.0-20151118\src\CorMat\CUCorMat\CUCorMat\x64\Release\CorMat.obj
E:\revised\PAGANI-toolkit-master\PAGANI-toolkit-master\src\BNAPlatform-weighted-network-win64-cuda7.0-20151118\src\CorMat\CUCorMat\CUCorMat\x64\Release\cl.command.1.tlog
E:\revised\PAGANI-toolkit-master\PAGANI-toolkit-master\src\BNAPlatform-weighted-network-win64-cuda7.0-20151118\src\CorMat\CUCorMat\CUCorMat\x64\Release\CL.read.1.tlog
E:\revised\PAGANI-toolkit-master\PAGANI-toolkit-master\src\BNAPlatform-weighted-network-win64-cuda7.0-20151118\src\CorMat\CUCorMat\CUCorMat\x64\Release\CL.write.1.tlog
E:\revised\PAGANI-toolkit-master\PAGANI-toolkit-master\src\BNAPlatform-weighted-network-win64-cuda7.0-20151118\src\CorMat\CUCorMat\CUCorMat\x64\Release\link-cvtres.read.1.tlog
E:\revised\PAGANI-toolkit-master\PAGANI-toolkit-master\src\BNAPlatform-weighted-network-win64-cuda7.0-20151118\src\CorMat\CUCorMat\CUCorMat\x64\Release\link-cvtres.write.1.tlog
E:\revised\PAGANI-toolkit-master\PAGANI-toolkit-master\src\BNAPlatform-weighted-network-win64-cuda7.0-20151118\src\CorMat\CUCorMat\CUCorMat\x64\Release\link-rc.read.1.tlog
E:\revised\PAGANI-toolkit-master\PAGANI-toolkit-master\src\BNAPlatform-weighted-network-win64-cuda7.0-20151118\src\CorMat\CUCorMat\CUCorMat\x64\Release\link-rc.write.1.tlog
E:\revised\PAGANI-toolkit-master\PAGANI-toolkit-master\src\BNAPlatform-weighted-network-win64-cuda7.0-20151118\src\CorMat\CUCorMat\CUCorMat\x64\Release\link.command.1.tlog
E:\revised\PAGANI-toolkit-master\PAGANI-toolkit-master\src\BNAPlatform-weighted-network-win64-cuda7.0-20151118\src\CorMat\CUCorMat\CUCorMat\x64\Release\link.read.1.tlog
E:\revised\PAGANI-toolkit-master\PAGANI-toolkit-master\src\BNAPlatform-weighted-network-win64-cuda7.0-20151118\src\CorMat\CUCorMat\CUCorMat\x64\Release\link.read.4.tlog
E:\revised\PAGANI-toolkit-master\PAGANI-toolkit-master\src\BNAPlatform-weighted-network-win64-cuda7.0-20151118\src\CorMat\CUCorMat\CUCorMat\x64\Release\link.write.1.tlog
E:\revised\PAGANI-toolkit-master\PAGANI-toolkit-master\src\BNAPlatform-weighted-network-win64-cuda7.0-20151118\src\CorMat\CUCorMat\CUCorMat\x64\Release\vc110.pdb
E:\revised\PAGANI-toolkit-master\PAGANI-toolkit-master\src\BNAPlatform-weighted-network-win64-cuda7.0-20151118\src\CorMat\CUCorMat\CUCorMat\..\..\..\..\bin\CUCorMat.exe
