C:\YUDULI\BNAPLATFORM-WEIGHTED-NETWORK-WIN64-CUDA-20140905\SRC\CP\CP\X64\DEBUG\TIMER.OBJ
C:\YUDULI\BNAPLATFORM-WEIGHTED-NETWORK-WIN64-CUDA-20140905\SRC\CP\CP\X64\DEBUG\CP_1.OBJ
C:\YUDULI\BNAPLATFORM-WEIGHTED-NETWORK-WIN64-CUDA-20140905\SRC\CP\CP\X64\DEBUG\CP_2.OBJ
C:\YUDULI\BNAPLATFORM-WEIGHTED-NETWORK-WIN64-CUDA-20140905\SRC\CP\CP\X64\DEBUG\CP_MAIN.OBJ
C:\YUDULI\BNAPLATFORM-WEIGHTED-NETWORK-WIN64-CUDA-20140905\SRC\CP\CP\X64\DEBUG\MASLOV.OBJ
C:\YUDULI\BNAPLATFORM-WEIGHTED-NETWORK-WIN64-CUDA-20140905\SRC\CP\CP\X64\DEBUG\VC110.PDB
C:\YUDULI\BNAPLATFORM-WEIGHTED-NETWORK-WIN64-CUDA-20140905\SRC\X64\DEBUG\CP.ILK
C:\YUDULI\BNAPLATFORM-WEIGHTED-NETWORK-WIN64-CUDA-20140905\SRC\X64\DEBUG\CP.EXE
C:\YUDULI\BNAPLATFORM-WEIGHTED-NETWORK-WIN64-CUDA-20140905\SRC\X64\DEBUG\CP.PDB
C:\YuduLi\BNAPlatform-weighted-network-win64-cuda7.0-20150413\src\Cp\Cp\x64\Debug\Cp_1.obj
C:\YuduLi\BNAPlatform-weighted-network-win64-cuda7.0-20150413\src\Cp\Cp\x64\Debug\Cp_2.obj
C:\YuduLi\BNAPlatform-weighted-network-win64-cuda7.0-20150413\src\Cp\Cp\x64\Debug\Cp_main.obj
C:\YuduLi\BNAPlatform-weighted-network-win64-cuda7.0-20150413\src\Cp\Cp\x64\Debug\Maslov.obj
C:\YuduLi\BNAPlatform-weighted-network-win64-cuda7.0-20150413\src\Cp\Cp\x64\Debug\Timer.obj
C:\YuduLi\BNAPlatform-weighted-network-win64-cuda7.0-20150413\src\Cp\Cp\x64\Debug\cl.command.1.tlog
C:\YuduLi\BNAPlatform-weighted-network-win64-cuda7.0-20150413\src\Cp\Cp\x64\Debug\CL.read.1.tlog
C:\YuduLi\BNAPlatform-weighted-network-win64-cuda7.0-20150413\src\Cp\Cp\x64\Debug\CL.write.1.tlog
C:\YuduLi\BNAPlatform-weighted-network-win64-cuda7.0-20150413\src\Cp\Cp\x64\Debug\link-cvtres.read.1.tlog
C:\YuduLi\BNAPlatform-weighted-network-win64-cuda7.0-20150413\src\Cp\Cp\x64\Debug\link-cvtres.write.1.tlog
C:\YuduLi\BNAPlatform-weighted-network-win64-cuda7.0-20150413\src\Cp\Cp\x64\Debug\link-rc.read.1.tlog
C:\YuduLi\BNAPlatform-weighted-network-win64-cuda7.0-20150413\src\Cp\Cp\x64\Debug\link-rc.write.1.tlog
C:\YuduLi\BNAPlatform-weighted-network-win64-cuda7.0-20150413\src\Cp\Cp\x64\Debug\link.command.1.tlog
C:\YuduLi\BNAPlatform-weighted-network-win64-cuda7.0-20150413\src\Cp\Cp\x64\Debug\link.read.1.tlog
C:\YuduLi\BNAPlatform-weighted-network-win64-cuda7.0-20150413\src\Cp\Cp\x64\Debug\link.write.1.tlog
C:\YuduLi\BNAPlatform-weighted-network-win64-cuda7.0-20150413\src\Cp\Cp\x64\Debug\vc110.idb
C:\YuduLi\BNAPlatform-weighted-network-win64-cuda7.0-20150413\src\Cp\Cp\x64\Debug\vc110.pdb
C:\YuduLi\BNAPlatform-weighted-network-win64-cuda7.0-20150413\src\x64\Debug\Cp.pdb
C:\YuduLi\BNAPlatform-weighted-network-win64-cuda7.0-20150413\src\x64\Debug\Cp.exe
C:\YuduLi\BNAPlatform-weighted-network-win64-cuda7.0-20150413\src\x64\Debug\Cp.ilk
