C:\YUDULI\BNAPLATFORM-WEIGHTED-NETWORK-WIN64-CUDA-20140905\SRC\LOUVAIN_MODULARITY\LOUVAIN_MODULARITY\X64\DEBUG\L_MODULARITY_CPU.OBJ
C:\YUDULI\BNAPLATFORM-WEIGHTED-NETWORK-WIN64-CUDA-20140905\SRC\LOUVAIN_MODULARITY\LOUVAIN_MODULARITY\X64\DEBUG\MASLOV.OBJ
C:\YUDULI\BNAPLATFORM-WEIGHTED-NETWORK-WIN64-CUDA-20140905\SRC\LOUVAIN_MODULARITY\LOUVAIN_MODULARITY\X64\DEBUG\TIMER.OBJ
C:\YUDULI\BNAPLATFORM-WEIGHTED-NETWORK-WIN64-CUDA-20140905\SRC\LOUVAIN_MODULARITY\LOUVAIN_MODULARITY\X64\DEBUG\VC110.PDB
C:\YUDULI\BNAPLATFORM-WEIGHTED-NETWORK-WIN64-CUDA-20140905\BIN\LOUVAIN_MODULARITY.ILK
C:\YUDULI\BNAPLATFORM-WEIGHTED-NETWORK-WIN64-CUDA-20140905\BIN\LOUVAIN_MODULARITY.EXE
C:\YUDULI\BNAPLATFORM-WEIGHTED-NETWORK-WIN64-CUDA-20140905\BIN\LOUVAIN_MODULARITY.PDB
C:\YuduLi\BNAPlatform-weighted-network-win64-cuda7.0-20150413\src\Louvain_Modularity\Louvain_Modularity\x64\Debug\L_Modularity_CPU.obj
C:\YuduLi\BNAPlatform-weighted-network-win64-cuda7.0-20150413\src\Louvain_Modularity\Louvain_Modularity\x64\Debug\Maslov.obj
C:\YuduLi\BNAPlatform-weighted-network-win64-cuda7.0-20150413\src\Louvain_Modularity\Louvain_Modularity\x64\Debug\Timer.obj
C:\YuduLi\BNAPlatform-weighted-network-win64-cuda7.0-20150413\src\Louvain_Modularity\Louvain_Modularity\x64\Debug\cl.command.1.tlog
C:\YuduLi\BNAPlatform-weighted-network-win64-cuda7.0-20150413\src\Louvain_Modularity\Louvain_Modularity\x64\Debug\CL.read.1.tlog
C:\YuduLi\BNAPlatform-weighted-network-win64-cuda7.0-20150413\src\Louvain_Modularity\Louvain_Modularity\x64\Debug\CL.write.1.tlog
C:\YuduLi\BNAPlatform-weighted-network-win64-cuda7.0-20150413\src\Louvain_Modularity\Louvain_Modularity\x64\Debug\link-cvtres.read.1.tlog
C:\YuduLi\BNAPlatform-weighted-network-win64-cuda7.0-20150413\src\Louvain_Modularity\Louvain_Modularity\x64\Debug\link-cvtres.write.1.tlog
C:\YuduLi\BNAPlatform-weighted-network-win64-cuda7.0-20150413\src\Louvain_Modularity\Louvain_Modularity\x64\Debug\link-rc.read.1.tlog
C:\YuduLi\BNAPlatform-weighted-network-win64-cuda7.0-20150413\src\Louvain_Modularity\Louvain_Modularity\x64\Debug\link-rc.write.1.tlog
C:\YuduLi\BNAPlatform-weighted-network-win64-cuda7.0-20150413\src\Louvain_Modularity\Louvain_Modularity\x64\Debug\link.command.1.tlog
C:\YuduLi\BNAPlatform-weighted-network-win64-cuda7.0-20150413\src\Louvain_Modularity\Louvain_Modularity\x64\Debug\link.read.1.tlog
C:\YuduLi\BNAPlatform-weighted-network-win64-cuda7.0-20150413\src\Louvain_Modularity\Louvain_Modularity\x64\Debug\link.write.1.tlog
C:\YuduLi\BNAPlatform-weighted-network-win64-cuda7.0-20150413\src\Louvain_Modularity\Louvain_Modularity\x64\Debug\vc110.idb
C:\YuduLi\BNAPlatform-weighted-network-win64-cuda7.0-20150413\src\Louvain_Modularity\Louvain_Modularity\x64\Debug\vc110.pdb
C:\YuduLi\BNAPlatform-weighted-network-win64-cuda7.0-20150413\src\Louvain_Modularity\Louvain_Modularity\..\..\..\bin\Louvain_Modularity.exe
