E:\CUDAINTERGRATED\CUDA_TEST_PROJECT\CUDA_NEWEST\BNAPLATFORM-WIN64-CUDA7.0-20151118\SRC\LOUVAIN_MODULARITY\LOUVAIN_MODULARITY\X64\RELEASE\TIMER.OBJ
E:\CUDAINTERGRATED\CUDA_TEST_PROJECT\CUDA_NEWEST\BNAPLATFORM-WIN64-CUDA7.0-20151118\SRC\LOUVAIN_MODULARITY\LOUVAIN_MODULARITY\X64\RELEASE\MASLOV.OBJ
E:\CUDAINTERGRATED\CUDA_TEST_PROJECT\CUDA_NEWEST\BNAPLATFORM-WIN64-CUDA7.0-20151118\SRC\LOUVAIN_MODULARITY\LOUVAIN_MODULARITY\X64\RELEASE\L_MODULARITY_CPU.OBJ
E:\CUDAINTERGRATED\CUDA_TEST_PROJECT\CUDA_NEWEST\BNAPLATFORM-WIN64-CUDA7.0-20151118\SRC\LOUVAIN_MODULARITY\LOUVAIN_MODULARITY\X64\RELEASE\VC110.PDB
E:\CUDAINTERGRATED\CUDA_TEST_PROJECT\CUDA_NEWEST\BNAPLATFORM-WIN64-CUDA7.0-20151118\BIN\LOUVAIN_MODULARITY.EXE
E:\CUDAINTERGRATED\CUDA_TEST_PROJECT\CUDA_NEWEST\BNAPLATFORM-WIN64-CUDA7.0-20151118\BIN\LOUVAIN_MODULARITY.PDB
E:\cudaintergrated\cuda_test_project\cuda_newest\BNAPlatform-win64-cuda7.0-20151118\src\Louvain_Modularity\Louvain_Modularity\x64\Release\L_Modularity_CPU.obj
E:\cudaintergrated\cuda_test_project\cuda_newest\BNAPlatform-win64-cuda7.0-20151118\src\Louvain_Modularity\Louvain_Modularity\x64\Release\Maslov.obj
E:\cudaintergrated\cuda_test_project\cuda_newest\BNAPlatform-win64-cuda7.0-20151118\src\Louvain_Modularity\Louvain_Modularity\x64\Release\Timer.obj
E:\cudaintergrated\cuda_test_project\cuda_newest\BNAPlatform-win64-cuda7.0-20151118\src\Louvain_Modularity\Louvain_Modularity\x64\Release\cl.command.1.tlog
E:\cudaintergrated\cuda_test_project\cuda_newest\BNAPlatform-win64-cuda7.0-20151118\src\Louvain_Modularity\Louvain_Modularity\x64\Release\CL.read.1.tlog
E:\cudaintergrated\cuda_test_project\cuda_newest\BNAPlatform-win64-cuda7.0-20151118\src\Louvain_Modularity\Louvain_Modularity\x64\Release\CL.write.1.tlog
E:\cudaintergrated\cuda_test_project\cuda_newest\BNAPlatform-win64-cuda7.0-20151118\src\Louvain_Modularity\Louvain_Modularity\x64\Release\link-cvtres.read.1.tlog
E:\cudaintergrated\cuda_test_project\cuda_newest\BNAPlatform-win64-cuda7.0-20151118\src\Louvain_Modularity\Louvain_Modularity\x64\Release\link-cvtres.write.1.tlog
E:\cudaintergrated\cuda_test_project\cuda_newest\BNAPlatform-win64-cuda7.0-20151118\src\Louvain_Modularity\Louvain_Modularity\x64\Release\link-rc.read.1.tlog
E:\cudaintergrated\cuda_test_project\cuda_newest\BNAPlatform-win64-cuda7.0-20151118\src\Louvain_Modularity\Louvain_Modularity\x64\Release\link-rc.write.1.tlog
E:\cudaintergrated\cuda_test_project\cuda_newest\BNAPlatform-win64-cuda7.0-20151118\src\Louvain_Modularity\Louvain_Modularity\x64\Release\link.command.1.tlog
E:\cudaintergrated\cuda_test_project\cuda_newest\BNAPlatform-win64-cuda7.0-20151118\src\Louvain_Modularity\Louvain_Modularity\x64\Release\link.read.1.tlog
E:\cudaintergrated\cuda_test_project\cuda_newest\BNAPlatform-win64-cuda7.0-20151118\src\Louvain_Modularity\Louvain_Modularity\x64\Release\link.write.1.tlog
E:\cudaintergrated\cuda_test_project\cuda_newest\BNAPlatform-win64-cuda7.0-20151118\src\Louvain_Modularity\Louvain_Modularity\x64\Release\vc110.pdb
E:\cudaintergrated\cuda_test_project\cuda_newest\BNAPlatform-win64-cuda7.0-20151118\src\Louvain_Modularity\Louvain_Modularity\..\..\..\bin\Louvain_Modularity.exe
