C:\YUDULI\BNAPLATFORM-WEIGHTED-NETWORK-WIN64-CUDA-20140905\SRC\DEGREE\DEGREE\X64\DEBUG\DEGREE.OBJ
C:\YUDULI\BNAPLATFORM-WEIGHTED-NETWORK-WIN64-CUDA-20140905\SRC\DEGREE\DEGREE\X64\DEBUG\VC110.PDB
C:\YUDULI\BNAPLATFORM-WEIGHTED-NETWORK-WIN64-CUDA-20140905\SRC\X64\DEBUG\DEGREE.ILK
C:\YUDULI\BNAPLATFORM-WEIGHTED-NETWORK-WIN64-CUDA-20140905\SRC\X64\DEBUG\DEGREE.EXE
C:\YUDULI\BNAPLATFORM-WEIGHTED-NETWORK-WIN64-CUDA-20140905\SRC\X64\DEBUG\DEGREE.PDB
C:\YuduLi\BNAPlatform-weighted-network-win64-cuda7.0-20150413\src\Degree\Degree\x64\Debug\Degree.obj
C:\YuduLi\BNAPlatform-weighted-network-win64-cuda7.0-20150413\src\Degree\Degree\x64\Debug\cl.command.1.tlog
C:\YuduLi\BNAPlatform-weighted-network-win64-cuda7.0-20150413\src\Degree\Degree\x64\Debug\CL.read.1.tlog
C:\YuduLi\BNAPlatform-weighted-network-win64-cuda7.0-20150413\src\Degree\Degree\x64\Debug\CL.write.1.tlog
C:\YuduLi\BNAPlatform-weighted-network-win64-cuda7.0-20150413\src\Degree\Degree\x64\Debug\link-cvtres.read.1.tlog
C:\YuduLi\BNAPlatform-weighted-network-win64-cuda7.0-20150413\src\Degree\Degree\x64\Debug\link-cvtres.write.1.tlog
C:\YuduLi\BNAPlatform-weighted-network-win64-cuda7.0-20150413\src\Degree\Degree\x64\Debug\link-rc.read.1.tlog
C:\YuduLi\BNAPlatform-weighted-network-win64-cuda7.0-20150413\src\Degree\Degree\x64\Debug\link-rc.write.1.tlog
C:\YuduLi\BNAPlatform-weighted-network-win64-cuda7.0-20150413\src\Degree\Degree\x64\Debug\link.command.1.tlog
C:\YuduLi\BNAPlatform-weighted-network-win64-cuda7.0-20150413\src\Degree\Degree\x64\Debug\link.read.1.tlog
C:\YuduLi\BNAPlatform-weighted-network-win64-cuda7.0-20150413\src\Degree\Degree\x64\Debug\link.write.1.tlog
C:\YuduLi\BNAPlatform-weighted-network-win64-cuda7.0-20150413\src\Degree\Degree\x64\Debug\vc110.idb
C:\YuduLi\BNAPlatform-weighted-network-win64-cuda7.0-20150413\src\Degree\Degree\x64\Debug\vc110.pdb
C:\YuduLi\BNAPlatform-weighted-network-win64-cuda7.0-20150413\src\x64\Debug\Degree.pdb
C:\YuduLi\BNAPlatform-weighted-network-win64-cuda7.0-20150413\src\x64\Debug\Degree.exe
C:\YuduLi\BNAPlatform-weighted-network-win64-cuda7.0-20150413\src\x64\Debug\Degree.ilk
