生成启动时间为 2015/9/23 19:23:41。
     1>项目“D:\Programming\BNAplatform\BNAPlatform-win64-cuda7.0-20150413\src\Newman_Modularity_CPU\Modularity_CPU\Modularity_CPU.vcxproj”在节点 4 上(Build 个目标)。
     1>ClCompile:
         C:\Program Files (x86)\Microsoft Visual Studio 11.0\VC\bin\x86_amd64\CL.exe /c /I..\..\common /Zi /nologo /W3 /WX- /Od /D WIN32 /D _DEBUG /D _CONSOLE /D _UNICODE /D UNICODE /Gm /EHsc /RTC1 /MDd /GS /fp:precise /Zc:wchar_t /Zc:forScope /Fo"x64\Debug\\" /Fd"x64\Debug\vc110.pdb" /Gd /TP /errorReport:prompt ..\..\common\Timer.cpp ..\..\Maslov\Maslov\Maslov.cpp Modularity_CPU.cpp
         Modularity_CPU.cpp
     1>Modularity_CPU.cpp(265): warning C4244: “=”: 从“__int64”转换到“double”，可能丢失数据
     1>Modularity_CPU.cpp(320): warning C4244: “参数”: 从“time_t”转换到“unsigned int”，可能丢失数据
     1>Modularity_CPU.cpp(322): warning C4244: “=”: 从“__int64”转换到“double”，可能丢失数据
         Maslov.cpp
     1>..\..\Maslov\Maslov\Maslov.cpp(20): warning C4244: “参数”: 从“time_t”转换到“unsigned int”，可能丢失数据
         Timer.cpp
         正在生成代码...
       Link:
         C:\Program Files (x86)\Microsoft Visual Studio 11.0\VC\bin\x86_amd64\link.exe /ERRORREPORT:PROMPT /OUT:"D:\Programming\BNAplatform\BNAPlatform-win64-cuda7.0-20150413\src\x64\Debug\Newman_Modularity_CPU.exe" /INCREMENTAL /NOLOGO kernel32.lib user32.lib gdi32.lib winspool.lib comdlg32.lib advapi32.lib shell32.lib ole32.lib oleaut32.lib uuid.lib odbc32.lib odbccp32.lib /MANIFEST /MANIFESTUAC:"level='asInvoker' uiAccess='false'" /manifest:embed /DEBUG /PDB:"D:\Programming\BNAplatform\BNAPlatform-win64-cuda7.0-20150413\src\x64\Debug\Newman_Modularity_CPU.pdb" /SUBSYSTEM:CONSOLE /TLBID:1 /DYNAMICBASE /NXCOMPAT /IMPLIB:"D:\Programming\BNAplatform\BNAPlatform-win64-cuda7.0-20150413\src\x64\Debug\Newman_Modularity_CPU.lib" /MACHINE:X64 x64\Debug\Timer.obj
         x64\Debug\Maslov.obj
         x64\Debug\Modularity_CPU.obj
         Modularity_CPU.vcxproj -> D:\Programming\BNAplatform\BNAPlatform-win64-cuda7.0-20150413\src\x64\Debug\Newman_Modularity_CPU.exe
     1>已完成生成项目“D:\Programming\BNAplatform\BNAPlatform-win64-cuda7.0-20150413\src\Newman_Modularity_CPU\Modularity_CPU\Modularity_CPU.vcxproj”(Build 个目标)的操作。

生成成功。

已用时间 00:00:17.88
