E:\CUDAINTERGRATED\CUDA_TEST_PROJECT\CUDA_EC\CUDA_EC_WEIGHTED\X64\RELEASE\TIMER.OBJ
E:\CUDAINTERGRATED\CUDA_TEST_PROJECT\CUDA_EC\CUDA_EC_WEIGHTED\X64\RELEASE\VC110.PDB
E:\CUDAINTERGRATED\CUDA_TEST_PROJECT\CUDA_EC\X64\RELEASE\CUDA_EC_WEIGHTED.EXE
E:\CUDAINTERGRATED\CUDA_TEST_PROJECT\CUDA_EC\X64\RELEASE\CUDA_EC_WEIGHTED.PDB
E:\cudaintergrated\cuda_test_project\cuda_EC\cuda_EC_weighted\x64\Release\weighted-net.cu.cache
E:\cudaintergrated\cuda_test_project\cuda_EC\cuda_EC_weighted\x64\Release\Timer.obj
E:\cudaintergrated\cuda_test_project\cuda_EC\cuda_EC_weighted\x64\Release\weighted-net.cu.obj
E:\cudaintergrated\cuda_test_project\cuda_EC\cuda_EC_weighted\x64\Release\cl.command.1.tlog
E:\cudaintergrated\cuda_test_project\cuda_EC\cuda_EC_weighted\x64\Release\CL.read.1.tlog
E:\cudaintergrated\cuda_test_project\cuda_EC\cuda_EC_weighted\x64\Release\CL.write.1.tlog
E:\cudaintergrated\cuda_test_project\cuda_EC\cuda_EC_weighted\x64\Release\link-cvtres.read.1.tlog
E:\cudaintergrated\cuda_test_project\cuda_EC\cuda_EC_weighted\x64\Release\link-cvtres.write.1.tlog
E:\cudaintergrated\cuda_test_project\cuda_EC\cuda_EC_weighted\x64\Release\link-rc.read.1.tlog
E:\cudaintergrated\cuda_test_project\cuda_EC\cuda_EC_weighted\x64\Release\link-rc.write.1.tlog
E:\cudaintergrated\cuda_test_project\cuda_EC\cuda_EC_weighted\x64\Release\link.command.1.tlog
E:\cudaintergrated\cuda_test_project\cuda_EC\cuda_EC_weighted\x64\Release\link.read.1.tlog
E:\cudaintergrated\cuda_test_project\cuda_EC\cuda_EC_weighted\x64\Release\link.write.1.tlog
E:\cudaintergrated\cuda_test_project\cuda_EC\cuda_EC_weighted\x64\Release\vc110.pdb
E:\cudaintergrated\cuda_test_project\cuda_EC\x64\Release\cuda_EC_weighted.pdb
E:\cudaintergrated\cuda_test_project\cuda_EC\x64\Release\cuda_EC_weighted.exe
