E:\CUDAINTERGRATED\CUDA_TEST_PROJECT\CUDA_NEWEST\BNAPLATFORM-WIN64-CUDA7.0-20151118\SRC\LP\CUBFW_LP\CUBFW_LP\RELEASE\MYTIMER.OBJ
E:\CUDAINTERGRATED\CUDA_TEST_PROJECT\CUDA_NEWEST\BNAPLATFORM-WIN64-CUDA7.0-20151118\SRC\LP\CUBFW_LP\CUBFW_LP\RELEASE\MASLOV.OBJ
E:\CUDAINTERGRATED\CUDA_TEST_PROJECT\CUDA_NEWEST\BNAPLATFORM-WIN64-CUDA7.0-20151118\SRC\LP\CUBFW_LP\CUBFW_LP\RELEASE\FORMBLOCK.OBJ
E:\CUDAINTERGRATED\CUDA_TEST_PROJECT\CUDA_NEWEST\BNAPLATFORM-WIN64-CUDA7.0-20151118\SRC\LP\CUBFW_LP\CUBFW_LP\RELEASE\CUBFW_LP.OBJ
E:\CUDAINTERGRATED\CUDA_TEST_PROJECT\CUDA_NEWEST\BNAPLATFORM-WIN64-CUDA7.0-20151118\SRC\LP\CUBFW_LP\CUBFW_LP\RELEASE\CUBFW.OBJ
E:\CUDAINTERGRATED\CUDA_TEST_PROJECT\CUDA_NEWEST\BNAPLATFORM-WIN64-CUDA7.0-20151118\SRC\LP\CUBFW_LP\CUBFW_LP\RELEASE\BFW.OBJ
E:\CUDAINTERGRATED\CUDA_TEST_PROJECT\CUDA_NEWEST\BNAPLATFORM-WIN64-CUDA7.0-20151118\SRC\LP\CUBFW_LP\CUBFW_LP\RELEASE\APSP_BFS.OBJ
E:\cudaintergrated\cuda_test_project\cuda_newest\BNAPlatform-win64-cuda7.0-20151118\src\Lp\CUBFW_Lp\CUBFW_Lp\Release\CUBFW_ph1.cu.cache
E:\cudaintergrated\cuda_test_project\cuda_newest\BNAPlatform-win64-cuda7.0-20151118\src\Lp\CUBFW_Lp\CUBFW_Lp\Release\CUBFW_ph2.cu.cache
E:\cudaintergrated\cuda_test_project\cuda_newest\BNAPlatform-win64-cuda7.0-20151118\src\Lp\CUBFW_Lp\CUBFW_Lp\Release\CUBFW_ph3.cu.cache
E:\cudaintergrated\cuda_test_project\cuda_newest\BNAPlatform-win64-cuda7.0-20151118\src\Lp\CUBFW_Lp\CUBFW_Lp\Release\cuTranspose.cu.cache
E:\cudaintergrated\cuda_test_project\cuda_newest\BNAPlatform-win64-cuda7.0-20151118\src\Lp\CUBFW_Lp\CUBFW_Lp\Release\APSP_BFS.obj
E:\cudaintergrated\cuda_test_project\cuda_newest\BNAPlatform-win64-cuda7.0-20151118\src\Lp\CUBFW_Lp\CUBFW_Lp\Release\BFW.obj
E:\cudaintergrated\cuda_test_project\cuda_newest\BNAPlatform-win64-cuda7.0-20151118\src\Lp\CUBFW_Lp\CUBFW_Lp\Release\CUBFW.obj
E:\cudaintergrated\cuda_test_project\cuda_newest\BNAPlatform-win64-cuda7.0-20151118\src\Lp\CUBFW_Lp\CUBFW_Lp\Release\CUBFW_Lp.obj
E:\cudaintergrated\cuda_test_project\cuda_newest\BNAPlatform-win64-cuda7.0-20151118\src\Lp\CUBFW_Lp\CUBFW_Lp\Release\CUBFW_ph1.cu.obj
E:\cudaintergrated\cuda_test_project\cuda_newest\BNAPlatform-win64-cuda7.0-20151118\src\Lp\CUBFW_Lp\CUBFW_Lp\Release\CUBFW_ph2.cu.obj
E:\cudaintergrated\cuda_test_project\cuda_newest\BNAPlatform-win64-cuda7.0-20151118\src\Lp\CUBFW_Lp\CUBFW_Lp\Release\CUBFW_ph3.cu.obj
E:\cudaintergrated\cuda_test_project\cuda_newest\BNAPlatform-win64-cuda7.0-20151118\src\Lp\CUBFW_Lp\CUBFW_Lp\Release\cuTranspose.cu.obj
E:\cudaintergrated\cuda_test_project\cuda_newest\BNAPlatform-win64-cuda7.0-20151118\src\Lp\CUBFW_Lp\CUBFW_Lp\Release\FormBlock.obj
E:\cudaintergrated\cuda_test_project\cuda_newest\BNAPlatform-win64-cuda7.0-20151118\src\Lp\CUBFW_Lp\CUBFW_Lp\Release\Maslov.obj
E:\cudaintergrated\cuda_test_project\cuda_newest\BNAPlatform-win64-cuda7.0-20151118\src\Lp\CUBFW_Lp\CUBFW_Lp\Release\mytimer.obj
E:\cudaintergrated\cuda_test_project\cuda_newest\BNAPlatform-win64-cuda7.0-20151118\src\Lp\CUBFW_Lp\CUBFW_Lp\Release\cl.command.1.tlog
E:\cudaintergrated\cuda_test_project\cuda_newest\BNAPlatform-win64-cuda7.0-20151118\src\Lp\CUBFW_Lp\CUBFW_Lp\Release\CL.read.1.tlog
E:\cudaintergrated\cuda_test_project\cuda_newest\BNAPlatform-win64-cuda7.0-20151118\src\Lp\CUBFW_Lp\CUBFW_Lp\Release\CL.write.1.tlog
E:\cudaintergrated\cuda_test_project\cuda_newest\BNAPlatform-win64-cuda7.0-20151118\src\Lp\CUBFW_Lp\CUBFW_Lp\Release\vc110.pdb
