生成启动时间为 2015/7/24 17:18:54。
     1>项目“E:\cudaintergrated\cuda_test_project\cuda_EC\cuda_EC_weighted\cuda_EC_weighted.vcxproj”在节点 2 上(Rebuild 个目标)。
     1>_PrepareForClean:
         正在删除文件“x64\Debug\cuda_EC_weighted.lastbuildstate”。
       CudaClean:
         cmd.exe /C "C:\Users\Lerond\AppData\Local\Temp\tmp4d7675b7f6174f2c8cfab0ef60442369.cmd"
         "C:\Program Files\NVIDIA GPU Computing Toolkit\CUDA\v7.0\bin\nvcc.exe" -ccbin "E:\Program Files (x86)\Microsoft Visual Studio 11.0\VC\bin\x86_amd64"  -I"C:\Program Files\NVIDIA GPU Computing Toolkit\CUDA\v7.0\include" -I"C:\Program Files\NVIDIA GPU Computing Toolkit\CUDA\v7.0\include"  -G   --keep-dir x64\Debug -maxrregcount=0  --machine 64 --compile   -g   -DWIN32 -DWIN64 -D_DEBUG -D_CONSOLE -D_MBCS -Xcompiler "/EHsc /W3 /nologo /Od /Zi /RTC1 /MDd  " -o x64\Debug\weighted-net.cu.obj "E:\cudaintergrated\cuda_test_project\cuda_EC\cuda_EC_weighted\weighted-net.cu" -clean
         
         E:\cudaintergrated\cuda_test_project\cuda_EC\cuda_EC_weighted>"C:\Program Files\NVIDIA GPU Computing Toolkit\CUDA\v7.0\bin\nvcc.exe" -ccbin "E:\Program Files (x86)\Microsoft Visual Studio 11.0\VC\bin\x86_amd64"  -I"C:\Program Files\NVIDIA GPU Computing Toolkit\CUDA\v7.0\include" -I"C:\Program Files\NVIDIA GPU Computing Toolkit\CUDA\v7.0\include"  -G   --keep-dir x64\Debug -maxrregcount=0  --machine 64 --compile   -g   -DWIN32 -DWIN64 -D_DEBUG -D_CONSOLE -D_MBCS -Xcompiler "/EHsc /W3 /nologo /Od /Zi /RTC1 /MDd  " -o x64\Debug\weighted-net.cu.obj "E:\cudaintergrated\cuda_test_project\cuda_EC\cuda_EC_weighted\weighted-net.cu" -clean 
         weighted-net.cu
         正在删除文件“x64\Debug\weighted-net.cu.deps”。
       InitializeBuildStatus:
         正在对“x64\Debug\cuda_EC_weighted.unsuccessfulbuild”执行 Touch 任务。
       AddCudaCompileDeps:
         E:\Program Files (x86)\Microsoft Visual Studio 11.0\VC\bin\x86_amd64\cl.exe /E /nologo /showIncludes /TP /D__CUDACC__ /DWIN32 /DWIN64 /D_DEBUG /D_CONSOLE /D_MBCS /I"C:\Program Files\NVIDIA GPU Computing Toolkit\CUDA\v7.0\include" /I"C:\Program Files\NVIDIA GPU Computing Toolkit\CUDA\v7.0\bin" /I"C:\Program Files\NVIDIA GPU Computing Toolkit\CUDA\v7.0\include" /I. /FIcuda_runtime.h /c E:\cudaintergrated\cuda_test_project\cuda_EC\cuda_EC_weighted\weighted-net.cu 
       CudaBuild:
         Compiling CUDA source file weighted-net.cu...
         cmd.exe /C "C:\Users\Lerond\AppData\Local\Temp\tmpa1f540b2abe5440e927308a3f5a44da0.cmd"
         "C:\Program Files\NVIDIA GPU Computing Toolkit\CUDA\v7.0\bin\nvcc.exe" -gencode=arch=compute_20,code=\"sm_20,compute_20\" --use-local-env --cl-version 2012 -ccbin "E:\Program Files (x86)\Microsoft Visual Studio 11.0\VC\bin\x86_amd64"  -I"C:\Program Files\NVIDIA GPU Computing Toolkit\CUDA\v7.0\include" -I"C:\Program Files\NVIDIA GPU Computing Toolkit\CUDA\v7.0\include"  -G   --keep-dir x64\Debug -maxrregcount=0  --machine 64 --compile -cudart static  -g   -DWIN32 -DWIN64 -D_DEBUG -D_CONSOLE -D_MBCS -Xcompiler "/EHsc /W3 /nologo /Od /Zi /RTC1 /MDd  " -o x64\Debug\weighted-net.cu.obj "E:\cudaintergrated\cuda_test_project\cuda_EC\cuda_EC_weighted\weighted-net.cu"
         
         E:\cudaintergrated\cuda_test_project\cuda_EC\cuda_EC_weighted>"C:\Program Files\NVIDIA GPU Computing Toolkit\CUDA\v7.0\bin\nvcc.exe" -gencode=arch=compute_20,code=\"sm_20,compute_20\" --use-local-env --cl-version 2012 -ccbin "E:\Program Files (x86)\Microsoft Visual Studio 11.0\VC\bin\x86_amd64"  -I"C:\Program Files\NVIDIA GPU Computing Toolkit\CUDA\v7.0\include" -I"C:\Program Files\NVIDIA GPU Computing Toolkit\CUDA\v7.0\include"  -G   --keep-dir x64\Debug -maxrregcount=0  --machine 64 --compile -cudart static  -g   -DWIN32 -DWIN64 -D_DEBUG -D_CONSOLE -D_MBCS -Xcompiler "/EHsc /W3 /nologo /Od /Zi /RTC1 /MDd  " -o x64\Debug\weighted-net.cu.obj "E:\cudaintergrated\cuda_test_project\cuda_EC\cuda_EC_weighted\weighted-net.cu" 
     1>c:\program files\nvidia gpu computing toolkit\cuda\v7.0\include\math_functions.h : warning C4819: 该文件包含不能在当前代码页(936)中表示的字符。请将该文件保存为 Unicode 格式以防止数据丢失
     1>c:\program files\nvidia gpu computing toolkit\cuda\v7.0\include\math_functions.h(877): warning C4819: 该文件包含不能在当前代码页(936)中表示的字符。请将该文件保存为 Unicode 格式以防止数据丢失
     1>c:\program files\nvidia gpu computing toolkit\cuda\v7.0\include\math_functions.h(1850): warning C4819: 该文件包含不能在当前代码页(936)中表示的字符。请将该文件保存为 Unicode 格式以防止数据丢失
     1>c:\program files\nvidia gpu computing toolkit\cuda\v7.0\include\math_functions.h(2728): warning C4819: 该文件包含不能在当前代码页(936)中表示的字符。请将该文件保存为 Unicode 格式以防止数据丢失
     1>c:\program files\nvidia gpu computing toolkit\cuda\v7.0\include\math_functions.h(3651): warning C4819: 该文件包含不能在当前代码页(936)中表示的字符。请将该文件保存为 Unicode 格式以防止数据丢失
     1>c:\program files\nvidia gpu computing toolkit\cuda\v7.0\include\math_functions.h(4595): warning C4819: 该文件包含不能在当前代码页(936)中表示的字符。请将该文件保存为 Unicode 格式以防止数据丢失
     1>c:\program files\nvidia gpu computing toolkit\cuda\v7.0\include\math_functions.h(5521): warning C4819: 该文件包含不能在当前代码页(936)中表示的字符。请将该文件保存为 Unicode 格式以防止数据丢失
     1>c:\program files\nvidia gpu computing toolkit\cuda\v7.0\include\math_functions.h(6421): warning C4819: 该文件包含不能在当前代码页(936)中表示的字符。请将该文件保存为 Unicode 格式以防止数据丢失
     1>c:\program files\nvidia gpu computing toolkit\cuda\v7.0\include\math_functions.h(7314): warning C4819: 该文件包含不能在当前代码页(936)中表示的字符。请将该文件保存为 Unicode 格式以防止数据丢失
     1>c:\program files\nvidia gpu computing toolkit\cuda\v7.0\include\math_functions.h(8227): warning C4819: 该文件包含不能在当前代码页(936)中表示的字符。请将该文件保存为 Unicode 格式以防止数据丢失
     1>c:\program files\nvidia gpu computing toolkit\cuda\v7.0\include\device_functions.h : warning C4819: 该文件包含不能在当前代码页(936)中表示的字符。请将该文件保存为 Unicode 格式以防止数据丢失
     1>c:\program files\nvidia gpu computing toolkit\cuda\v7.0\include\device_functions.h(775): warning C4819: 该文件包含不能在当前代码页(936)中表示的字符。请将该文件保存为 Unicode 格式以防止数据丢失
     1>c:\program files\nvidia gpu computing toolkit\cuda\v7.0\include\device_functions.h(1632): warning C4819: 该文件包含不能在当前代码页(936)中表示的字符。请将该文件保存为 Unicode 格式以防止数据丢失
     1>c:\program files\nvidia gpu computing toolkit\cuda\v7.0\include\device_double_functions.h : warning C4819: 该文件包含不能在当前代码页(936)中表示的字符。请将该文件保存为 Unicode 格式以防止数据丢失
     1>C:\Program Files\NVIDIA GPU Computing Toolkit\CUDA\v7.0\include\device_functions.h : warning C4819: 该文件包含不能在当前代码页(936)中表示的字符。请将该文件保存为 Unicode 格式以防止数据丢失
     1>C:\Program Files\NVIDIA GPU Computing Toolkit\CUDA\v7.0\include\device_functions.h(775): warning C4819: 该文件包含不能在当前代码页(936)中表示的字符。请将该文件保存为 Unicode 格式以防止数据丢失
     1>C:\Program Files\NVIDIA GPU Computing Toolkit\CUDA\v7.0\include\device_functions.h(1632): warning C4819: 该文件包含不能在当前代码页(936)中表示的字符。请将该文件保存为 Unicode 格式以防止数据丢失
     1>E:/cudaintergrated/cuda_test_project/cuda_EC/cuda_EC_weighted/weighted-net.cu(129): error : argument of type "float *" is incompatible with parameter of type "double *"
         
     1>E:/cudaintergrated/cuda_test_project/cuda_EC/cuda_EC_weighted/weighted-net.cu(187): error : argument of type "float *" is incompatible with parameter of type "double *"
         
     1>E:/cudaintergrated/cuda_test_project/cuda_EC/cuda_EC_weighted/weighted-net.cu(187): error : argument of type "float *" is incompatible with parameter of type "double *"
         
     1>E:/cudaintergrated/cuda_test_project/cuda_EC/cuda_EC_weighted/weighted-net.cu(187): error : argument of type "float *" is incompatible with parameter of type "double *"
         
     1>E:/cudaintergrated/cuda_test_project/cuda_EC/cuda_EC_weighted/weighted-net.cu(189): error : argument of type "float *" is incompatible with parameter of type "double *"
         
     1>E:/cudaintergrated/cuda_test_project/cuda_EC/cuda_EC_weighted/weighted-net.cu(189): error : argument of type "float *" is incompatible with parameter of type "double *"
         
     1>E:/cudaintergrated/cuda_test_project/cuda_EC/cuda_EC_weighted/weighted-net.cu(189): error : argument of type "float *" is incompatible with parameter of type "double *"
         
     1>E:/cudaintergrated/cuda_test_project/cuda_EC/cuda_EC_weighted/weighted-net.cu(70): warning : variable "i" was declared but never referenced
         
     1>E:/cudaintergrated/cuda_test_project/cuda_EC/cuda_EC_weighted/weighted-net.cu(70): warning : variable "j" was declared but never referenced
         
     1>E:/cudaintergrated/cuda_test_project/cuda_EC/cuda_EC_weighted/weighted-net.cu(79): warning : variable "cudaStat" was declared but never referenced
         
     1>E:/cudaintergrated/cuda_test_project/cuda_EC/cuda_EC_weighted/weighted-net.cu(80): warning : variable "stat" was set but never used
         
     1>E:/cudaintergrated/cuda_test_project/cuda_EC/cuda_EC_weighted/weighted-net.cu(107): warning : variable "temp2" was declared but never referenced
         
     1>E:/cudaintergrated/cuda_test_project/cuda_EC/cuda_EC_weighted/weighted-net.cu(235): warning : integer conversion resulted in a change of sign
         
     1>E:/cudaintergrated/cuda_test_project/cuda_EC/cuda_EC_weighted/weighted-net.cu(251): warning : integer conversion resulted in a change of sign
         
     1>E:/cudaintergrated/cuda_test_project/cuda_EC/cuda_EC_weighted/weighted-net.cu(27): warning : variable "ITERNUMBER" was declared but never referenced
         
     1>E:/cudaintergrated/cuda_test_project/cuda_EC/cuda_EC_weighted/weighted-net.cu(28): warning : variable "BETA_Adjust" was declared but never referenced
         
     1>E:/cudaintergrated/cuda_test_project/cuda_EC/cuda_EC_weighted/weighted-net.cu(30): warning : variable "LAMBDA" was declared but never referenced
         
     1>E:/cudaintergrated/cuda_test_project/cuda_EC/cuda_EC_weighted/weighted-net.cu(31): warning : variable "MIN_GROUP" was declared but never referenced
         
     1>E:/cudaintergrated/cuda_test_project/cuda_EC/cuda_EC_weighted/weighted-net.cu(33): warning : variable "threadnumx" was declared but never referenced
         
     1>E:/cudaintergrated/cuda_test_project/cuda_EC/cuda_EC_weighted/weighted-net.cu(34): warning : variable "threadnumy" was declared but never referenced
         
         7 errors detected in the compilation of "C:/Users/Lerond/AppData/Local/Temp/tmpxft_00007588_00000000-5_weighted-net.cpp1.ii".
         weighted-net.cu
     1>C:\Program Files (x86)\MSBuild\Microsoft.Cpp\v4.0\V110\BuildCustomizations\CUDA 7.0.targets(593,9): error MSB3721: 命令“"C:\Program Files\NVIDIA GPU Computing Toolkit\CUDA\v7.0\bin\nvcc.exe" -gencode=arch=compute_20,code=\"sm_20,compute_20\" --use-local-env --cl-version 2012 -ccbin "E:\Program Files (x86)\Microsoft Visual Studio 11.0\VC\bin\x86_amd64"  -I"C:\Program Files\NVIDIA GPU Computing Toolkit\CUDA\v7.0\include" -I"C:\Program Files\NVIDIA GPU Computing Toolkit\CUDA\v7.0\include"  -G   --keep-dir x64\Debug -maxrregcount=0  --machine 64 --compile -cudart static  -g   -DWIN32 -DWIN64 -D_DEBUG -D_CONSOLE -D_MBCS -Xcompiler "/EHsc /W3 /nologo /Od /Zi /RTC1 /MDd  " -o x64\Debug\weighted-net.cu.obj "E:\cudaintergrated\cuda_test_project\cuda_EC\cuda_EC_weighted\weighted-net.cu"”已退出，返回代码为 2。
     1>已完成生成项目“E:\cudaintergrated\cuda_test_project\cuda_EC\cuda_EC_weighted\cuda_EC_weighted.vcxproj”(Rebuild 个目标)的操作 - 失败。

生成失败。

已用时间 00:00:04.56
