E:\CUDAINTERGRATED\CUDA_TEST_PROJECT\CUDA_NEWEST\BNAPLATFORM-WIN64-CUDA7.0-20151118\SRC\CORMAT\CUCORMAT\CUCORMAT\CUCORMAT\X64\RELEASE\CORMAT.OBJ
E:\CUDAINTERGRATED\CUDA_TEST_PROJECT\CUDA_NEWEST\BNAPLATFORM-WIN64-CUDA7.0-20151118\SRC\CORMAT\CUCORMAT\CUCORMAT\CUCORMAT\X64\RELEASE\VC110.PDB
E:\CUDAINTERGRATED\CUDA_TEST_PROJECT\CUDA_NEWEST\BNAPLATFORM-WIN64-CUDA7.0-20151118\BIN\CUCORMAT.EXE
E:\CUDAINTERGRATED\CUDA_TEST_PROJECT\CUDA_NEWEST\BNAPLATFORM-WIN64-CUDA7.0-20151118\BIN\CUCORMAT.PDB
E:\CUDAINTERGRATED\CUDA_TEST_PROJECT\CUDA_NEWEST\BNAPLATFORM-WIN64-CUDA7.0-20151118\SRC\CORMAT\CUCORMAT\CUCORMAT\CUCORMAT\X64\RELEASE\CUCORMAT.RES
E:\cudaintergrated\cuda_test_project\cuda_newest\BNAPlatform-win64-cuda7.0-20151118\src\CorMat\CUCorMat\CUCORMAT\CUCorMat\x64\Release\CorMat.cu.cache
E:\cudaintergrated\cuda_test_project\cuda_newest\BNAPlatform-win64-cuda7.0-20151118\src\CorMat\CUCorMat\CUCORMAT\CUCorMat\x64\Release\CorMat.cu.obj
E:\cudaintergrated\cuda_test_project\cuda_newest\BNAPlatform-win64-cuda7.0-20151118\src\CorMat\CUCorMat\CUCORMAT\CUCorMat\x64\Release\CorMat.obj
E:\cudaintergrated\cuda_test_project\cuda_newest\BNAPlatform-win64-cuda7.0-20151118\src\CorMat\CUCorMat\CUCORMAT\CUCorMat\x64\Release\cl.command.1.tlog
E:\cudaintergrated\cuda_test_project\cuda_newest\BNAPlatform-win64-cuda7.0-20151118\src\CorMat\CUCorMat\CUCORMAT\CUCorMat\x64\Release\CL.read.1.tlog
E:\cudaintergrated\cuda_test_project\cuda_newest\BNAPlatform-win64-cuda7.0-20151118\src\CorMat\CUCorMat\CUCORMAT\CUCorMat\x64\Release\CL.write.1.tlog
E:\cudaintergrated\cuda_test_project\cuda_newest\BNAPlatform-win64-cuda7.0-20151118\src\CorMat\CUCorMat\CUCORMAT\CUCorMat\x64\Release\link-cvtres.read.1.tlog
E:\cudaintergrated\cuda_test_project\cuda_newest\BNAPlatform-win64-cuda7.0-20151118\src\CorMat\CUCorMat\CUCORMAT\CUCorMat\x64\Release\link-cvtres.write.1.tlog
E:\cudaintergrated\cuda_test_project\cuda_newest\BNAPlatform-win64-cuda7.0-20151118\src\CorMat\CUCorMat\CUCORMAT\CUCorMat\x64\Release\link-rc.read.1.tlog
E:\cudaintergrated\cuda_test_project\cuda_newest\BNAPlatform-win64-cuda7.0-20151118\src\CorMat\CUCorMat\CUCORMAT\CUCorMat\x64\Release\link-rc.write.1.tlog
E:\cudaintergrated\cuda_test_project\cuda_newest\BNAPlatform-win64-cuda7.0-20151118\src\CorMat\CUCorMat\CUCORMAT\CUCorMat\x64\Release\link.command.1.tlog
E:\cudaintergrated\cuda_test_project\cuda_newest\BNAPlatform-win64-cuda7.0-20151118\src\CorMat\CUCorMat\CUCORMAT\CUCorMat\x64\Release\link.read.1.tlog
E:\cudaintergrated\cuda_test_project\cuda_newest\BNAPlatform-win64-cuda7.0-20151118\src\CorMat\CUCorMat\CUCORMAT\CUCorMat\x64\Release\link.write.1.tlog
E:\cudaintergrated\cuda_test_project\cuda_newest\BNAPlatform-win64-cuda7.0-20151118\src\CorMat\CUCorMat\CUCORMAT\CUCorMat\x64\Release\rc.command.1.tlog
E:\cudaintergrated\cuda_test_project\cuda_newest\BNAPlatform-win64-cuda7.0-20151118\src\CorMat\CUCorMat\CUCORMAT\CUCorMat\x64\Release\rc.read.1.tlog
E:\cudaintergrated\cuda_test_project\cuda_newest\BNAPlatform-win64-cuda7.0-20151118\src\CorMat\CUCorMat\CUCORMAT\CUCorMat\x64\Release\rc.write.1.tlog
E:\cudaintergrated\cuda_test_project\cuda_newest\BNAPlatform-win64-cuda7.0-20151118\src\CorMat\CUCorMat\CUCORMAT\CUCorMat\x64\Release\CUCorMat.res
E:\cudaintergrated\cuda_test_project\cuda_newest\BNAPlatform-win64-cuda7.0-20151118\src\CorMat\CUCorMat\CUCORMAT\CUCorMat\x64\Release\vc110.pdb
E:\cudaintergrated\cuda_test_project\cuda_newest\BNAPlatform-win64-cuda7.0-20151118\src\CorMat\CUCorMat\CUCORMAT\CUCorMat\..\..\..\..\..\bin\CUCorMat.exe
